[2023-01-09 21:11:22,895] INFO Registered kafka:type=kafka.Log4jController MBean (kafka.utils.Log4jControllerRegistration$)
[2023-01-09 21:11:23,058] INFO Setting -D jdk.tls.rejectClientInitiatedRenegotiation=true to disable client-initiated TLS renegotiation (org.apache.zookeeper.common.X509Util)
[2023-01-09 21:11:23,100] INFO Registered signal handlers for TERM, INT, HUP (org.apache.kafka.common.utils.LoggingSignalHandler)
[2023-01-09 21:11:23,101] INFO starting (kafka.server.KafkaServer)
[2023-01-09 21:11:23,101] INFO Connecting to zookeeper on localhost:2181 (kafka.server.KafkaServer)
[2023-01-09 21:11:23,109] INFO [ZooKeeperClient Kafka server] Initializing a new session to localhost:2181. (kafka.zookeeper.ZooKeeperClient)
[2023-01-09 21:11:23,113] INFO Client environment:zookeeper.version=3.6.3--6401e4ad2087061bc6b9f80dec2d69f2e3c8660a, built on 04/08/2021 16:35 GMT (org.apache.zookeeper.ZooKeeper)
[2023-01-09 21:11:23,114] INFO Client environment:host.name=anatoliys-imac.phub.net.cable.rogers.com (org.apache.zookeeper.ZooKeeper)
[2023-01-09 21:11:23,114] INFO Client environment:java.version=19.0.1 (org.apache.zookeeper.ZooKeeper)
[2023-01-09 21:11:23,114] INFO Client environment:java.vendor=Oracle Corporation (org.apache.zookeeper.ZooKeeper)
[2023-01-09 21:11:23,114] INFO Client environment:java.home=/Library/Java/JavaVirtualMachines/jdk-19.jdk/Contents/Home (org.apache.zookeeper.ZooKeeper)
[2023-01-09 21:11:23,114] INFO Client environment:java.class.path=/Users/anatoliyserputov/Desktop/telegram3.0/kafka_2.12-3.3.1/bin/../libs/activation-1.1.1.jar:/Users/anatoliyserputov/Desktop/telegram3.0/kafka_2.12-3.3.1/bin/../libs/aopalliance-repackaged-2.6.1.jar:/Users/anatoliyserputov/Desktop/telegram3.0/kafka_2.12-3.3.1/bin/../libs/argparse4j-0.7.0.jar:/Users/anatoliyserputov/Desktop/telegram3.0/kafka_2.12-3.3.1/bin/../libs/audience-annotations-0.5.0.jar:/Users/anatoliyserputov/Desktop/telegram3.0/kafka_2.12-3.3.1/bin/../libs/commons-cli-1.4.jar:/Users/anatoliyserputov/Desktop/telegram3.0/kafka_2.12-3.3.1/bin/../libs/commons-lang3-3.12.0.jar:/Users/anatoliyserputov/Desktop/telegram3.0/kafka_2.12-3.3.1/bin/../libs/commons-lang3-3.8.1.jar:/Users/anatoliyserputov/Desktop/telegram3.0/kafka_2.12-3.3.1/bin/../libs/connect-api-3.3.1.jar:/Users/anatoliyserputov/Desktop/telegram3.0/kafka_2.12-3.3.1/bin/../libs/connect-basic-auth-extension-3.3.1.jar:/Users/anatoliyserputov/Desktop/telegram3.0/kafka_2.12-3.3.1/bin/../libs/connect-json-3.3.1.jar:/Users/anatoliyserputov/Desktop/telegram3.0/kafka_2.12-3.3.1/bin/../libs/connect-mirror-3.3.1.jar:/Users/anatoliyserputov/Desktop/telegram3.0/kafka_2.12-3.3.1/bin/../libs/connect-mirror-client-3.3.1.jar:/Users/anatoliyserputov/Desktop/telegram3.0/kafka_2.12-3.3.1/bin/../libs/connect-runtime-3.3.1.jar:/Users/anatoliyserputov/Desktop/telegram3.0/kafka_2.12-3.3.1/bin/../libs/connect-transforms-3.3.1.jar:/Users/anatoliyserputov/Desktop/telegram3.0/kafka_2.12-3.3.1/bin/../libs/hk2-api-2.6.1.jar:/Users/anatoliyserputov/Desktop/telegram3.0/kafka_2.12-3.3.1/bin/../libs/hk2-locator-2.6.1.jar:/Users/anatoliyserputov/Desktop/telegram3.0/kafka_2.12-3.3.1/bin/../libs/hk2-utils-2.6.1.jar:/Users/anatoliyserputov/Desktop/telegram3.0/kafka_2.12-3.3.1/bin/../libs/jackson-annotations-2.13.3.jar:/Users/anatoliyserputov/Desktop/telegram3.0/kafka_2.12-3.3.1/bin/../libs/jackson-core-2.13.3.jar:/Users/anatoliyserputov/Desktop/telegram3.0/kafka_2.12-3.3.1/bin/../libs/jackson-databind-2.13.3.jar:/Users/anatoliyserputov/Desktop/telegram3.0/kafka_2.12-3.3.1/bin/../libs/jackson-dataformat-csv-2.13.3.jar:/Users/anatoliyserputov/Desktop/telegram3.0/kafka_2.12-3.3.1/bin/../libs/jackson-datatype-jdk8-2.13.3.jar:/Users/anatoliyserputov/Desktop/telegram3.0/kafka_2.12-3.3.1/bin/../libs/jackson-jaxrs-base-2.13.3.jar:/Users/anatoliyserputov/Desktop/telegram3.0/kafka_2.12-3.3.1/bin/../libs/jackson-jaxrs-json-provider-2.13.3.jar:/Users/anatoliyserputov/Desktop/telegram3.0/kafka_2.12-3.3.1/bin/../libs/jackson-module-jaxb-annotations-2.13.3.jar:/Users/anatoliyserputov/Desktop/telegram3.0/kafka_2.12-3.3.1/bin/../libs/jackson-module-scala_2.12-2.13.3.jar:/Users/anatoliyserputov/Desktop/telegram3.0/kafka_2.12-3.3.1/bin/../libs/jakarta.activation-api-1.2.2.jar:/Users/anatoliyserputov/Desktop/telegram3.0/kafka_2.12-3.3.1/bin/../libs/jakarta.annotation-api-1.3.5.jar:/Users/anatoliyserputov/Desktop/telegram3.0/kafka_2.12-3.3.1/bin/../libs/jakarta.inject-2.6.1.jar:/Users/anatoliyserputov/Desktop/telegram3.0/kafka_2.12-3.3.1/bin/../libs/jakarta.validation-api-2.0.2.jar:/Users/anatoliyserputov/Desktop/telegram3.0/kafka_2.12-3.3.1/bin/../libs/jakarta.ws.rs-api-2.1.6.jar:/Users/anatoliyserputov/Desktop/telegram3.0/kafka_2.12-3.3.1/bin/../libs/jakarta.xml.bind-api-2.3.3.jar:/Users/anatoliyserputov/Desktop/telegram3.0/kafka_2.12-3.3.1/bin/../libs/javassist-3.27.0-GA.jar:/Users/anatoliyserputov/Desktop/telegram3.0/kafka_2.12-3.3.1/bin/../libs/javax.servlet-api-3.1.0.jar:/Users/anatoliyserputov/Desktop/telegram3.0/kafka_2.12-3.3.1/bin/../libs/javax.ws.rs-api-2.1.1.jar:/Users/anatoliyserputov/Desktop/telegram3.0/kafka_2.12-3.3.1/bin/../libs/jaxb-api-2.3.0.jar:/Users/anatoliyserputov/Desktop/telegram3.0/kafka_2.12-3.3.1/bin/../libs/jersey-client-2.34.jar:/Users/anatoliyserputov/Desktop/telegram3.0/kafka_2.12-3.3.1/bin/../libs/jersey-common-2.34.jar:/Users/anatoliyserputov/Desktop/telegram3.0/kafka_2.12-3.3.1/bin/../libs/jersey-container-servlet-2.34.jar:/Users/anatoliyserputov/Desktop/telegram3.0/kafka_2.12-3.3.1/bin/../libs/jersey-container-servlet-core-2.34.jar:/Users/anatoliyserputov/Desktop/telegram3.0/kafka_2.12-3.3.1/bin/../libs/jersey-hk2-2.34.jar:/Users/anatoliyserputov/Desktop/telegram3.0/kafka_2.12-3.3.1/bin/../libs/jersey-server-2.34.jar:/Users/anatoliyserputov/Desktop/telegram3.0/kafka_2.12-3.3.1/bin/../libs/jetty-client-9.4.48.v20220622.jar:/Users/anatoliyserputov/Desktop/telegram3.0/kafka_2.12-3.3.1/bin/../libs/jetty-continuation-9.4.48.v20220622.jar:/Users/anatoliyserputov/Desktop/telegram3.0/kafka_2.12-3.3.1/bin/../libs/jetty-http-9.4.48.v20220622.jar:/Users/anatoliyserputov/Desktop/telegram3.0/kafka_2.12-3.3.1/bin/../libs/jetty-io-9.4.48.v20220622.jar:/Users/anatoliyserputov/Desktop/telegram3.0/kafka_2.12-3.3.1/bin/../libs/jetty-security-9.4.48.v20220622.jar:/Users/anatoliyserputov/Desktop/telegram3.0/kafka_2.12-3.3.1/bin/../libs/jetty-server-9.4.48.v20220622.jar:/Users/anatoliyserputov/Desktop/telegram3.0/kafka_2.12-3.3.1/bin/../libs/jetty-servlet-9.4.48.v20220622.jar:/Users/anatoliyserputov/Desktop/telegram3.0/kafka_2.12-3.3.1/bin/../libs/jetty-servlets-9.4.48.v20220622.jar:/Users/anatoliyserputov/Desktop/telegram3.0/kafka_2.12-3.3.1/bin/../libs/jetty-util-9.4.48.v20220622.jar:/Users/anatoliyserputov/Desktop/telegram3.0/kafka_2.12-3.3.1/bin/../libs/jetty-util-ajax-9.4.48.v20220622.jar:/Users/anatoliyserputov/Desktop/telegram3.0/kafka_2.12-3.3.1/bin/../libs/jline-3.21.0.jar:/Users/anatoliyserputov/Desktop/telegram3.0/kafka_2.12-3.3.1/bin/../libs/jopt-simple-5.0.4.jar:/Users/anatoliyserputov/Desktop/telegram3.0/kafka_2.12-3.3.1/bin/../libs/jose4j-0.7.9.jar:/Users/anatoliyserputov/Desktop/telegram3.0/kafka_2.12-3.3.1/bin/../libs/kafka-clients-3.3.1.jar:/Users/anatoliyserputov/Desktop/telegram3.0/kafka_2.12-3.3.1/bin/../libs/kafka-log4j-appender-3.3.1.jar:/Users/anatoliyserputov/Desktop/telegram3.0/kafka_2.12-3.3.1/bin/../libs/kafka-metadata-3.3.1.jar:/Users/anatoliyserputov/Desktop/telegram3.0/kafka_2.12-3.3.1/bin/../libs/kafka-raft-3.3.1.jar:/Users/anatoliyserputov/Desktop/telegram3.0/kafka_2.12-3.3.1/bin/../libs/kafka-server-common-3.3.1.jar:/Users/anatoliyserputov/Desktop/telegram3.0/kafka_2.12-3.3.1/bin/../libs/kafka-shell-3.3.1.jar:/Users/anatoliyserputov/Desktop/telegram3.0/kafka_2.12-3.3.1/bin/../libs/kafka-storage-3.3.1.jar:/Users/anatoliyserputov/Desktop/telegram3.0/kafka_2.12-3.3.1/bin/../libs/kafka-storage-api-3.3.1.jar:/Users/anatoliyserputov/Desktop/telegram3.0/kafka_2.12-3.3.1/bin/../libs/kafka-streams-3.3.1.jar:/Users/anatoliyserputov/Desktop/telegram3.0/kafka_2.12-3.3.1/bin/../libs/kafka-streams-examples-3.3.1.jar:/Users/anatoliyserputov/Desktop/telegram3.0/kafka_2.12-3.3.1/bin/../libs/kafka-streams-scala_2.12-3.3.1.jar:/Users/anatoliyserputov/Desktop/telegram3.0/kafka_2.12-3.3.1/bin/../libs/kafka-streams-test-utils-3.3.1.jar:/Users/anatoliyserputov/Desktop/telegram3.0/kafka_2.12-3.3.1/bin/../libs/kafka-tools-3.3.1.jar:/Users/anatoliyserputov/Desktop/telegram3.0/kafka_2.12-3.3.1/bin/../libs/kafka_2.12-3.3.1.jar:/Users/anatoliyserputov/Desktop/telegram3.0/kafka_2.12-3.3.1/bin/../libs/lz4-java-1.8.0.jar:/Users/anatoliyserputov/Desktop/telegram3.0/kafka_2.12-3.3.1/bin/../libs/maven-artifact-3.8.4.jar:/Users/anatoliyserputov/Desktop/telegram3.0/kafka_2.12-3.3.1/bin/../libs/metrics-core-2.2.0.jar:/Users/anatoliyserputov/Desktop/telegram3.0/kafka_2.12-3.3.1/bin/../libs/metrics-core-4.1.12.1.jar:/Users/anatoliyserputov/Desktop/telegram3.0/kafka_2.12-3.3.1/bin/../libs/netty-buffer-4.1.78.Final.jar:/Users/anatoliyserputov/Desktop/telegram3.0/kafka_2.12-3.3.1/bin/../libs/netty-codec-4.1.78.Final.jar:/Users/anatoliyserputov/Desktop/telegram3.0/kafka_2.12-3.3.1/bin/../libs/netty-common-4.1.78.Final.jar:/Users/anatoliyserputov/Desktop/telegram3.0/kafka_2.12-3.3.1/bin/../libs/netty-handler-4.1.78.Final.jar:/Users/anatoliyserputov/Desktop/telegram3.0/kafka_2.12-3.3.1/bin/../libs/netty-resolver-4.1.78.Final.jar:/Users/anatoliyserputov/Desktop/telegram3.0/kafka_2.12-3.3.1/bin/../libs/netty-transport-4.1.78.Final.jar:/Users/anatoliyserputov/Desktop/telegram3.0/kafka_2.12-3.3.1/bin/../libs/netty-transport-classes-epoll-4.1.78.Final.jar:/Users/anatoliyserputov/Desktop/telegram3.0/kafka_2.12-3.3.1/bin/../libs/netty-transport-native-epoll-4.1.78.Final.jar:/Users/anatoliyserputov/Desktop/telegram3.0/kafka_2.12-3.3.1/bin/../libs/netty-transport-native-unix-common-4.1.78.Final.jar:/Users/anatoliyserputov/Desktop/telegram3.0/kafka_2.12-3.3.1/bin/../libs/osgi-resource-locator-1.0.3.jar:/Users/anatoliyserputov/Desktop/telegram3.0/kafka_2.12-3.3.1/bin/../libs/paranamer-2.8.jar:/Users/anatoliyserputov/Desktop/telegram3.0/kafka_2.12-3.3.1/bin/../libs/plexus-utils-3.3.0.jar:/Users/anatoliyserputov/Desktop/telegram3.0/kafka_2.12-3.3.1/bin/../libs/reflections-0.9.12.jar:/Users/anatoliyserputov/Desktop/telegram3.0/kafka_2.12-3.3.1/bin/../libs/reload4j-1.2.19.jar:/Users/anatoliyserputov/Desktop/telegram3.0/kafka_2.12-3.3.1/bin/../libs/rocksdbjni-6.29.4.1.jar:/Users/anatoliyserputov/Desktop/telegram3.0/kafka_2.12-3.3.1/bin/../libs/scala-collection-compat_2.12-2.6.0.jar:/Users/anatoliyserputov/Desktop/telegram3.0/kafka_2.12-3.3.1/bin/../libs/scala-java8-compat_2.12-1.0.2.jar:/Users/anatoliyserputov/Desktop/telegram3.0/kafka_2.12-3.3.1/bin/../libs/scala-library-2.12.15.jar:/Users/anatoliyserputov/Desktop/telegram3.0/kafka_2.12-3.3.1/bin/../libs/scala-logging_2.12-3.9.4.jar:/Users/anatoliyserputov/Desktop/telegram3.0/kafka_2.12-3.3.1/bin/../libs/scala-reflect-2.12.15.jar:/Users/anatoliyserputov/Desktop/telegram3.0/kafka_2.12-3.3.1/bin/../libs/slf4j-api-1.7.36.jar:/Users/anatoliyserputov/Desktop/telegram3.0/kafka_2.12-3.3.1/bin/../libs/slf4j-reload4j-1.7.36.jar:/Users/anatoliyserputov/Desktop/telegram3.0/kafka_2.12-3.3.1/bin/../libs/snappy-java-1.1.8.4.jar:/Users/anatoliyserputov/Desktop/telegram3.0/kafka_2.12-3.3.1/bin/../libs/swagger-annotations-2.2.0.jar:/Users/anatoliyserputov/Desktop/telegram3.0/kafka_2.12-3.3.1/bin/../libs/trogdor-3.3.1.jar:/Users/anatoliyserputov/Desktop/telegram3.0/kafka_2.12-3.3.1/bin/../libs/zookeeper-3.6.3.jar:/Users/anatoliyserputov/Desktop/telegram3.0/kafka_2.12-3.3.1/bin/../libs/zookeeper-jute-3.6.3.jar:/Users/anatoliyserputov/Desktop/telegram3.0/kafka_2.12-3.3.1/bin/../libs/zstd-jni-1.5.2-1.jar (org.apache.zookeeper.ZooKeeper)
[2023-01-09 21:11:23,115] INFO Client environment:java.library.path=/Users/anatoliyserputov/Library/Java/Extensions:/Library/Java/Extensions:/Network/Library/Java/Extensions:/System/Library/Java/Extensions:/usr/lib/java:. (org.apache.zookeeper.ZooKeeper)
[2023-01-09 21:11:23,115] INFO Client environment:java.io.tmpdir=/var/folders/gz/vkp84x2s5nb1_6gx2szj48fm0000gn/T/ (org.apache.zookeeper.ZooKeeper)
[2023-01-09 21:11:23,115] INFO Client environment:java.compiler=<NA> (org.apache.zookeeper.ZooKeeper)
[2023-01-09 21:11:23,115] INFO Client environment:os.name=Mac OS X (org.apache.zookeeper.ZooKeeper)
[2023-01-09 21:11:23,115] INFO Client environment:os.arch=aarch64 (org.apache.zookeeper.ZooKeeper)
[2023-01-09 21:11:23,115] INFO Client environment:os.version=12.4 (org.apache.zookeeper.ZooKeeper)
[2023-01-09 21:11:23,115] INFO Client environment:user.name=anatoliyserputov (org.apache.zookeeper.ZooKeeper)
[2023-01-09 21:11:23,115] INFO Client environment:user.home=/Users/anatoliyserputov (org.apache.zookeeper.ZooKeeper)
[2023-01-09 21:11:23,115] INFO Client environment:user.dir=/Users/anatoliyserputov/Desktop/telegram3.0/kafka_2.12-3.3.1 (org.apache.zookeeper.ZooKeeper)
[2023-01-09 21:11:23,116] INFO Client environment:os.memory.free=986MB (org.apache.zookeeper.ZooKeeper)
[2023-01-09 21:11:23,116] INFO Client environment:os.memory.max=1024MB (org.apache.zookeeper.ZooKeeper)
[2023-01-09 21:11:23,116] INFO Client environment:os.memory.total=1024MB (org.apache.zookeeper.ZooKeeper)
[2023-01-09 21:11:23,118] INFO Initiating client connection, connectString=localhost:2181 sessionTimeout=18000 watcher=kafka.zookeeper.ZooKeeperClient$ZooKeeperClientWatcher$@28b46423 (org.apache.zookeeper.ZooKeeper)
[2023-01-09 21:11:23,122] INFO jute.maxbuffer value is 4194304 Bytes (org.apache.zookeeper.ClientCnxnSocket)
[2023-01-09 21:11:23,125] INFO zookeeper.request.timeout value is 0. feature enabled=false (org.apache.zookeeper.ClientCnxn)
[2023-01-09 21:11:23,127] INFO [ZooKeeperClient Kafka server] Waiting until connected. (kafka.zookeeper.ZooKeeperClient)
[2023-01-09 21:11:23,127] INFO Opening socket connection to server localhost/127.0.0.1:2181. (org.apache.zookeeper.ClientCnxn)
[2023-01-09 21:11:23,131] WARN Session 0x0 for sever localhost/127.0.0.1:2181, Closing socket connection. Attempting reconnect except it is a SessionExpiredException. (org.apache.zookeeper.ClientCnxn)
java.net.ConnectException: Connection refused
	at java.base/sun.nio.ch.Net.pollConnect(Native Method)
	at java.base/sun.nio.ch.Net.pollConnectNow(Net.java:672)
	at java.base/sun.nio.ch.SocketChannelImpl.finishConnect(SocketChannelImpl.java:973)
	at org.apache.zookeeper.ClientCnxnSocketNIO.doTransport(ClientCnxnSocketNIO.java:344)
	at org.apache.zookeeper.ClientCnxn$SendThread.run(ClientCnxn.java:1290)
[2023-01-09 21:11:24,239] INFO Opening socket connection to server localhost/127.0.0.1:2181. (org.apache.zookeeper.ClientCnxn)
[2023-01-09 21:11:24,239] WARN Session 0x0 for sever localhost/127.0.0.1:2181, Closing socket connection. Attempting reconnect except it is a SessionExpiredException. (org.apache.zookeeper.ClientCnxn)
java.net.ConnectException: Connection refused
	at java.base/sun.nio.ch.Net.pollConnect(Native Method)
	at java.base/sun.nio.ch.Net.pollConnectNow(Net.java:672)
	at java.base/sun.nio.ch.SocketChannelImpl.finishConnect(SocketChannelImpl.java:973)
	at org.apache.zookeeper.ClientCnxnSocketNIO.doTransport(ClientCnxnSocketNIO.java:344)
	at org.apache.zookeeper.ClientCnxn$SendThread.run(ClientCnxn.java:1290)
[2023-01-09 21:11:25,346] INFO Opening socket connection to server localhost/[0:0:0:0:0:0:0:1]:2181. (org.apache.zookeeper.ClientCnxn)
[2023-01-09 21:11:25,346] WARN Session 0x0 for sever localhost/[0:0:0:0:0:0:0:1]:2181, Closing socket connection. Attempting reconnect except it is a SessionExpiredException. (org.apache.zookeeper.ClientCnxn)
java.net.ConnectException: Connection refused
	at java.base/sun.nio.ch.Net.pollConnect(Native Method)
	at java.base/sun.nio.ch.Net.pollConnectNow(Net.java:672)
	at java.base/sun.nio.ch.SocketChannelImpl.finishConnect(SocketChannelImpl.java:973)
	at org.apache.zookeeper.ClientCnxnSocketNIO.doTransport(ClientCnxnSocketNIO.java:344)
	at org.apache.zookeeper.ClientCnxn$SendThread.run(ClientCnxn.java:1290)
[2023-01-09 21:11:26,354] INFO Terminating process due to signal SIGINT (org.apache.kafka.common.utils.LoggingSignalHandler)
[2023-01-09 21:11:26,355] INFO shutting down (kafka.server.KafkaServer)
[2023-01-09 21:11:26,358] ERROR Fatal error during KafkaServer shutdown. (kafka.server.KafkaServer)
java.lang.IllegalStateException: Kafka server is still starting up, cannot shut down!
	at kafka.server.KafkaServer.shutdown(KafkaServer.scala:708)
	at kafka.Kafka$.$anonfun$main$3(Kafka.scala:100)
	at kafka.utils.Exit$.$anonfun$addShutdownHook$1(Exit.scala:38)
	at java.base/java.lang.Thread.run(Thread.java:1589)
[2023-01-09 21:11:26,359] ERROR Halting Kafka. (kafka.Kafka$)
[2023-01-09 21:17:33,721] INFO Registered kafka:type=kafka.Log4jController MBean (kafka.utils.Log4jControllerRegistration$)
[2023-01-09 21:17:33,894] INFO Setting -D jdk.tls.rejectClientInitiatedRenegotiation=true to disable client-initiated TLS renegotiation (org.apache.zookeeper.common.X509Util)
[2023-01-09 21:17:33,938] INFO Registered signal handlers for TERM, INT, HUP (org.apache.kafka.common.utils.LoggingSignalHandler)
[2023-01-09 21:17:33,939] INFO starting (kafka.server.KafkaServer)
[2023-01-09 21:17:33,939] INFO Connecting to zookeeper on localhost:2181 (kafka.server.KafkaServer)
[2023-01-09 21:17:33,947] INFO [ZooKeeperClient Kafka server] Initializing a new session to localhost:2181. (kafka.zookeeper.ZooKeeperClient)
[2023-01-09 21:17:33,952] INFO Client environment:zookeeper.version=3.6.3--6401e4ad2087061bc6b9f80dec2d69f2e3c8660a, built on 04/08/2021 16:35 GMT (org.apache.zookeeper.ZooKeeper)
[2023-01-09 21:17:33,952] INFO Client environment:host.name=anatoliys-imac.phub.net.cable.rogers.com (org.apache.zookeeper.ZooKeeper)
[2023-01-09 21:17:33,952] INFO Client environment:java.version=19.0.1 (org.apache.zookeeper.ZooKeeper)
[2023-01-09 21:17:33,952] INFO Client environment:java.vendor=Oracle Corporation (org.apache.zookeeper.ZooKeeper)
[2023-01-09 21:17:33,952] INFO Client environment:java.home=/Library/Java/JavaVirtualMachines/jdk-19.jdk/Contents/Home (org.apache.zookeeper.ZooKeeper)
[2023-01-09 21:17:33,952] INFO Client environment:java.class.path=/Users/anatoliyserputov/Desktop/telegram3.0/kafka_2.12-3.3.1/bin/../libs/activation-1.1.1.jar:/Users/anatoliyserputov/Desktop/telegram3.0/kafka_2.12-3.3.1/bin/../libs/aopalliance-repackaged-2.6.1.jar:/Users/anatoliyserputov/Desktop/telegram3.0/kafka_2.12-3.3.1/bin/../libs/argparse4j-0.7.0.jar:/Users/anatoliyserputov/Desktop/telegram3.0/kafka_2.12-3.3.1/bin/../libs/audience-annotations-0.5.0.jar:/Users/anatoliyserputov/Desktop/telegram3.0/kafka_2.12-3.3.1/bin/../libs/commons-cli-1.4.jar:/Users/anatoliyserputov/Desktop/telegram3.0/kafka_2.12-3.3.1/bin/../libs/commons-lang3-3.12.0.jar:/Users/anatoliyserputov/Desktop/telegram3.0/kafka_2.12-3.3.1/bin/../libs/commons-lang3-3.8.1.jar:/Users/anatoliyserputov/Desktop/telegram3.0/kafka_2.12-3.3.1/bin/../libs/connect-api-3.3.1.jar:/Users/anatoliyserputov/Desktop/telegram3.0/kafka_2.12-3.3.1/bin/../libs/connect-basic-auth-extension-3.3.1.jar:/Users/anatoliyserputov/Desktop/telegram3.0/kafka_2.12-3.3.1/bin/../libs/connect-json-3.3.1.jar:/Users/anatoliyserputov/Desktop/telegram3.0/kafka_2.12-3.3.1/bin/../libs/connect-mirror-3.3.1.jar:/Users/anatoliyserputov/Desktop/telegram3.0/kafka_2.12-3.3.1/bin/../libs/connect-mirror-client-3.3.1.jar:/Users/anatoliyserputov/Desktop/telegram3.0/kafka_2.12-3.3.1/bin/../libs/connect-runtime-3.3.1.jar:/Users/anatoliyserputov/Desktop/telegram3.0/kafka_2.12-3.3.1/bin/../libs/connect-transforms-3.3.1.jar:/Users/anatoliyserputov/Desktop/telegram3.0/kafka_2.12-3.3.1/bin/../libs/hk2-api-2.6.1.jar:/Users/anatoliyserputov/Desktop/telegram3.0/kafka_2.12-3.3.1/bin/../libs/hk2-locator-2.6.1.jar:/Users/anatoliyserputov/Desktop/telegram3.0/kafka_2.12-3.3.1/bin/../libs/hk2-utils-2.6.1.jar:/Users/anatoliyserputov/Desktop/telegram3.0/kafka_2.12-3.3.1/bin/../libs/jackson-annotations-2.13.3.jar:/Users/anatoliyserputov/Desktop/telegram3.0/kafka_2.12-3.3.1/bin/../libs/jackson-core-2.13.3.jar:/Users/anatoliyserputov/Desktop/telegram3.0/kafka_2.12-3.3.1/bin/../libs/jackson-databind-2.13.3.jar:/Users/anatoliyserputov/Desktop/telegram3.0/kafka_2.12-3.3.1/bin/../libs/jackson-dataformat-csv-2.13.3.jar:/Users/anatoliyserputov/Desktop/telegram3.0/kafka_2.12-3.3.1/bin/../libs/jackson-datatype-jdk8-2.13.3.jar:/Users/anatoliyserputov/Desktop/telegram3.0/kafka_2.12-3.3.1/bin/../libs/jackson-jaxrs-base-2.13.3.jar:/Users/anatoliyserputov/Desktop/telegram3.0/kafka_2.12-3.3.1/bin/../libs/jackson-jaxrs-json-provider-2.13.3.jar:/Users/anatoliyserputov/Desktop/telegram3.0/kafka_2.12-3.3.1/bin/../libs/jackson-module-jaxb-annotations-2.13.3.jar:/Users/anatoliyserputov/Desktop/telegram3.0/kafka_2.12-3.3.1/bin/../libs/jackson-module-scala_2.12-2.13.3.jar:/Users/anatoliyserputov/Desktop/telegram3.0/kafka_2.12-3.3.1/bin/../libs/jakarta.activation-api-1.2.2.jar:/Users/anatoliyserputov/Desktop/telegram3.0/kafka_2.12-3.3.1/bin/../libs/jakarta.annotation-api-1.3.5.jar:/Users/anatoliyserputov/Desktop/telegram3.0/kafka_2.12-3.3.1/bin/../libs/jakarta.inject-2.6.1.jar:/Users/anatoliyserputov/Desktop/telegram3.0/kafka_2.12-3.3.1/bin/../libs/jakarta.validation-api-2.0.2.jar:/Users/anatoliyserputov/Desktop/telegram3.0/kafka_2.12-3.3.1/bin/../libs/jakarta.ws.rs-api-2.1.6.jar:/Users/anatoliyserputov/Desktop/telegram3.0/kafka_2.12-3.3.1/bin/../libs/jakarta.xml.bind-api-2.3.3.jar:/Users/anatoliyserputov/Desktop/telegram3.0/kafka_2.12-3.3.1/bin/../libs/javassist-3.27.0-GA.jar:/Users/anatoliyserputov/Desktop/telegram3.0/kafka_2.12-3.3.1/bin/../libs/javax.servlet-api-3.1.0.jar:/Users/anatoliyserputov/Desktop/telegram3.0/kafka_2.12-3.3.1/bin/../libs/javax.ws.rs-api-2.1.1.jar:/Users/anatoliyserputov/Desktop/telegram3.0/kafka_2.12-3.3.1/bin/../libs/jaxb-api-2.3.0.jar:/Users/anatoliyserputov/Desktop/telegram3.0/kafka_2.12-3.3.1/bin/../libs/jersey-client-2.34.jar:/Users/anatoliyserputov/Desktop/telegram3.0/kafka_2.12-3.3.1/bin/../libs/jersey-common-2.34.jar:/Users/anatoliyserputov/Desktop/telegram3.0/kafka_2.12-3.3.1/bin/../libs/jersey-container-servlet-2.34.jar:/Users/anatoliyserputov/Desktop/telegram3.0/kafka_2.12-3.3.1/bin/../libs/jersey-container-servlet-core-2.34.jar:/Users/anatoliyserputov/Desktop/telegram3.0/kafka_2.12-3.3.1/bin/../libs/jersey-hk2-2.34.jar:/Users/anatoliyserputov/Desktop/telegram3.0/kafka_2.12-3.3.1/bin/../libs/jersey-server-2.34.jar:/Users/anatoliyserputov/Desktop/telegram3.0/kafka_2.12-3.3.1/bin/../libs/jetty-client-9.4.48.v20220622.jar:/Users/anatoliyserputov/Desktop/telegram3.0/kafka_2.12-3.3.1/bin/../libs/jetty-continuation-9.4.48.v20220622.jar:/Users/anatoliyserputov/Desktop/telegram3.0/kafka_2.12-3.3.1/bin/../libs/jetty-http-9.4.48.v20220622.jar:/Users/anatoliyserputov/Desktop/telegram3.0/kafka_2.12-3.3.1/bin/../libs/jetty-io-9.4.48.v20220622.jar:/Users/anatoliyserputov/Desktop/telegram3.0/kafka_2.12-3.3.1/bin/../libs/jetty-security-9.4.48.v20220622.jar:/Users/anatoliyserputov/Desktop/telegram3.0/kafka_2.12-3.3.1/bin/../libs/jetty-server-9.4.48.v20220622.jar:/Users/anatoliyserputov/Desktop/telegram3.0/kafka_2.12-3.3.1/bin/../libs/jetty-servlet-9.4.48.v20220622.jar:/Users/anatoliyserputov/Desktop/telegram3.0/kafka_2.12-3.3.1/bin/../libs/jetty-servlets-9.4.48.v20220622.jar:/Users/anatoliyserputov/Desktop/telegram3.0/kafka_2.12-3.3.1/bin/../libs/jetty-util-9.4.48.v20220622.jar:/Users/anatoliyserputov/Desktop/telegram3.0/kafka_2.12-3.3.1/bin/../libs/jetty-util-ajax-9.4.48.v20220622.jar:/Users/anatoliyserputov/Desktop/telegram3.0/kafka_2.12-3.3.1/bin/../libs/jline-3.21.0.jar:/Users/anatoliyserputov/Desktop/telegram3.0/kafka_2.12-3.3.1/bin/../libs/jopt-simple-5.0.4.jar:/Users/anatoliyserputov/Desktop/telegram3.0/kafka_2.12-3.3.1/bin/../libs/jose4j-0.7.9.jar:/Users/anatoliyserputov/Desktop/telegram3.0/kafka_2.12-3.3.1/bin/../libs/kafka-clients-3.3.1.jar:/Users/anatoliyserputov/Desktop/telegram3.0/kafka_2.12-3.3.1/bin/../libs/kafka-log4j-appender-3.3.1.jar:/Users/anatoliyserputov/Desktop/telegram3.0/kafka_2.12-3.3.1/bin/../libs/kafka-metadata-3.3.1.jar:/Users/anatoliyserputov/Desktop/telegram3.0/kafka_2.12-3.3.1/bin/../libs/kafka-raft-3.3.1.jar:/Users/anatoliyserputov/Desktop/telegram3.0/kafka_2.12-3.3.1/bin/../libs/kafka-server-common-3.3.1.jar:/Users/anatoliyserputov/Desktop/telegram3.0/kafka_2.12-3.3.1/bin/../libs/kafka-shell-3.3.1.jar:/Users/anatoliyserputov/Desktop/telegram3.0/kafka_2.12-3.3.1/bin/../libs/kafka-storage-3.3.1.jar:/Users/anatoliyserputov/Desktop/telegram3.0/kafka_2.12-3.3.1/bin/../libs/kafka-storage-api-3.3.1.jar:/Users/anatoliyserputov/Desktop/telegram3.0/kafka_2.12-3.3.1/bin/../libs/kafka-streams-3.3.1.jar:/Users/anatoliyserputov/Desktop/telegram3.0/kafka_2.12-3.3.1/bin/../libs/kafka-streams-examples-3.3.1.jar:/Users/anatoliyserputov/Desktop/telegram3.0/kafka_2.12-3.3.1/bin/../libs/kafka-streams-scala_2.12-3.3.1.jar:/Users/anatoliyserputov/Desktop/telegram3.0/kafka_2.12-3.3.1/bin/../libs/kafka-streams-test-utils-3.3.1.jar:/Users/anatoliyserputov/Desktop/telegram3.0/kafka_2.12-3.3.1/bin/../libs/kafka-tools-3.3.1.jar:/Users/anatoliyserputov/Desktop/telegram3.0/kafka_2.12-3.3.1/bin/../libs/kafka_2.12-3.3.1.jar:/Users/anatoliyserputov/Desktop/telegram3.0/kafka_2.12-3.3.1/bin/../libs/lz4-java-1.8.0.jar:/Users/anatoliyserputov/Desktop/telegram3.0/kafka_2.12-3.3.1/bin/../libs/maven-artifact-3.8.4.jar:/Users/anatoliyserputov/Desktop/telegram3.0/kafka_2.12-3.3.1/bin/../libs/metrics-core-2.2.0.jar:/Users/anatoliyserputov/Desktop/telegram3.0/kafka_2.12-3.3.1/bin/../libs/metrics-core-4.1.12.1.jar:/Users/anatoliyserputov/Desktop/telegram3.0/kafka_2.12-3.3.1/bin/../libs/netty-buffer-4.1.78.Final.jar:/Users/anatoliyserputov/Desktop/telegram3.0/kafka_2.12-3.3.1/bin/../libs/netty-codec-4.1.78.Final.jar:/Users/anatoliyserputov/Desktop/telegram3.0/kafka_2.12-3.3.1/bin/../libs/netty-common-4.1.78.Final.jar:/Users/anatoliyserputov/Desktop/telegram3.0/kafka_2.12-3.3.1/bin/../libs/netty-handler-4.1.78.Final.jar:/Users/anatoliyserputov/Desktop/telegram3.0/kafka_2.12-3.3.1/bin/../libs/netty-resolver-4.1.78.Final.jar:/Users/anatoliyserputov/Desktop/telegram3.0/kafka_2.12-3.3.1/bin/../libs/netty-transport-4.1.78.Final.jar:/Users/anatoliyserputov/Desktop/telegram3.0/kafka_2.12-3.3.1/bin/../libs/netty-transport-classes-epoll-4.1.78.Final.jar:/Users/anatoliyserputov/Desktop/telegram3.0/kafka_2.12-3.3.1/bin/../libs/netty-transport-native-epoll-4.1.78.Final.jar:/Users/anatoliyserputov/Desktop/telegram3.0/kafka_2.12-3.3.1/bin/../libs/netty-transport-native-unix-common-4.1.78.Final.jar:/Users/anatoliyserputov/Desktop/telegram3.0/kafka_2.12-3.3.1/bin/../libs/osgi-resource-locator-1.0.3.jar:/Users/anatoliyserputov/Desktop/telegram3.0/kafka_2.12-3.3.1/bin/../libs/paranamer-2.8.jar:/Users/anatoliyserputov/Desktop/telegram3.0/kafka_2.12-3.3.1/bin/../libs/plexus-utils-3.3.0.jar:/Users/anatoliyserputov/Desktop/telegram3.0/kafka_2.12-3.3.1/bin/../libs/reflections-0.9.12.jar:/Users/anatoliyserputov/Desktop/telegram3.0/kafka_2.12-3.3.1/bin/../libs/reload4j-1.2.19.jar:/Users/anatoliyserputov/Desktop/telegram3.0/kafka_2.12-3.3.1/bin/../libs/rocksdbjni-6.29.4.1.jar:/Users/anatoliyserputov/Desktop/telegram3.0/kafka_2.12-3.3.1/bin/../libs/scala-collection-compat_2.12-2.6.0.jar:/Users/anatoliyserputov/Desktop/telegram3.0/kafka_2.12-3.3.1/bin/../libs/scala-java8-compat_2.12-1.0.2.jar:/Users/anatoliyserputov/Desktop/telegram3.0/kafka_2.12-3.3.1/bin/../libs/scala-library-2.12.15.jar:/Users/anatoliyserputov/Desktop/telegram3.0/kafka_2.12-3.3.1/bin/../libs/scala-logging_2.12-3.9.4.jar:/Users/anatoliyserputov/Desktop/telegram3.0/kafka_2.12-3.3.1/bin/../libs/scala-reflect-2.12.15.jar:/Users/anatoliyserputov/Desktop/telegram3.0/kafka_2.12-3.3.1/bin/../libs/slf4j-api-1.7.36.jar:/Users/anatoliyserputov/Desktop/telegram3.0/kafka_2.12-3.3.1/bin/../libs/slf4j-reload4j-1.7.36.jar:/Users/anatoliyserputov/Desktop/telegram3.0/kafka_2.12-3.3.1/bin/../libs/snappy-java-1.1.8.4.jar:/Users/anatoliyserputov/Desktop/telegram3.0/kafka_2.12-3.3.1/bin/../libs/swagger-annotations-2.2.0.jar:/Users/anatoliyserputov/Desktop/telegram3.0/kafka_2.12-3.3.1/bin/../libs/trogdor-3.3.1.jar:/Users/anatoliyserputov/Desktop/telegram3.0/kafka_2.12-3.3.1/bin/../libs/zookeeper-3.6.3.jar:/Users/anatoliyserputov/Desktop/telegram3.0/kafka_2.12-3.3.1/bin/../libs/zookeeper-jute-3.6.3.jar:/Users/anatoliyserputov/Desktop/telegram3.0/kafka_2.12-3.3.1/bin/../libs/zstd-jni-1.5.2-1.jar (org.apache.zookeeper.ZooKeeper)
[2023-01-09 21:17:33,954] INFO Client environment:java.library.path=/Users/anatoliyserputov/Library/Java/Extensions:/Library/Java/Extensions:/Network/Library/Java/Extensions:/System/Library/Java/Extensions:/usr/lib/java:. (org.apache.zookeeper.ZooKeeper)
[2023-01-09 21:17:33,954] INFO Client environment:java.io.tmpdir=/var/folders/gz/vkp84x2s5nb1_6gx2szj48fm0000gn/T/ (org.apache.zookeeper.ZooKeeper)
[2023-01-09 21:17:33,954] INFO Client environment:java.compiler=<NA> (org.apache.zookeeper.ZooKeeper)
[2023-01-09 21:17:33,954] INFO Client environment:os.name=Mac OS X (org.apache.zookeeper.ZooKeeper)
[2023-01-09 21:17:33,954] INFO Client environment:os.arch=aarch64 (org.apache.zookeeper.ZooKeeper)
[2023-01-09 21:17:33,954] INFO Client environment:os.version=12.4 (org.apache.zookeeper.ZooKeeper)
[2023-01-09 21:17:33,954] INFO Client environment:user.name=anatoliyserputov (org.apache.zookeeper.ZooKeeper)
[2023-01-09 21:17:33,954] INFO Client environment:user.home=/Users/anatoliyserputov (org.apache.zookeeper.ZooKeeper)
[2023-01-09 21:17:33,954] INFO Client environment:user.dir=/Users/anatoliyserputov/Desktop/telegram3.0/kafka_2.12-3.3.1 (org.apache.zookeeper.ZooKeeper)
[2023-01-09 21:17:33,954] INFO Client environment:os.memory.free=986MB (org.apache.zookeeper.ZooKeeper)
[2023-01-09 21:17:33,954] INFO Client environment:os.memory.max=1024MB (org.apache.zookeeper.ZooKeeper)
[2023-01-09 21:17:33,954] INFO Client environment:os.memory.total=1024MB (org.apache.zookeeper.ZooKeeper)
[2023-01-09 21:17:33,956] INFO Initiating client connection, connectString=localhost:2181 sessionTimeout=18000 watcher=kafka.zookeeper.ZooKeeperClient$ZooKeeperClientWatcher$@4e07b95f (org.apache.zookeeper.ZooKeeper)
[2023-01-09 21:17:33,960] INFO jute.maxbuffer value is 4194304 Bytes (org.apache.zookeeper.ClientCnxnSocket)
[2023-01-09 21:17:33,963] INFO zookeeper.request.timeout value is 0. feature enabled=false (org.apache.zookeeper.ClientCnxn)
[2023-01-09 21:17:33,964] INFO Opening socket connection to server localhost/127.0.0.1:2181. (org.apache.zookeeper.ClientCnxn)
[2023-01-09 21:17:33,964] INFO [ZooKeeperClient Kafka server] Waiting until connected. (kafka.zookeeper.ZooKeeperClient)
[2023-01-09 21:17:33,967] INFO Socket connection established, initiating session, client: /127.0.0.1:50689, server: localhost/127.0.0.1:2181 (org.apache.zookeeper.ClientCnxn)
[2023-01-09 21:17:33,991] INFO Session establishment complete on server localhost/127.0.0.1:2181, session id = 0x100188353e80001, negotiated timeout = 18000 (org.apache.zookeeper.ClientCnxn)
[2023-01-09 21:17:33,992] INFO [ZooKeeperClient Kafka server] Connected. (kafka.zookeeper.ZooKeeperClient)
[2023-01-09 21:17:34,389] INFO Cluster ID = mkBzQplWRNaH4QXqKJ5MnQ (kafka.server.KafkaServer)
[2023-01-09 21:17:34,426] INFO KafkaConfig values: 
	advertised.listeners = null
	alter.config.policy.class.name = null
	alter.log.dirs.replication.quota.window.num = 11
	alter.log.dirs.replication.quota.window.size.seconds = 1
	authorizer.class.name = 
	auto.create.topics.enable = true
	auto.leader.rebalance.enable = true
	background.threads = 10
	broker.heartbeat.interval.ms = 2000
	broker.id = 0
	broker.id.generation.enable = true
	broker.rack = null
	broker.session.timeout.ms = 9000
	client.quota.callback.class = null
	compression.type = producer
	connection.failed.authentication.delay.ms = 100
	connections.max.idle.ms = 600000
	connections.max.reauth.ms = 0
	control.plane.listener.name = null
	controlled.shutdown.enable = true
	controlled.shutdown.max.retries = 3
	controlled.shutdown.retry.backoff.ms = 5000
	controller.listener.names = null
	controller.quorum.append.linger.ms = 25
	controller.quorum.election.backoff.max.ms = 1000
	controller.quorum.election.timeout.ms = 1000
	controller.quorum.fetch.timeout.ms = 2000
	controller.quorum.request.timeout.ms = 2000
	controller.quorum.retry.backoff.ms = 20
	controller.quorum.voters = []
	controller.quota.window.num = 11
	controller.quota.window.size.seconds = 1
	controller.socket.timeout.ms = 30000
	create.topic.policy.class.name = null
	default.replication.factor = 1
	delegation.token.expiry.check.interval.ms = 3600000
	delegation.token.expiry.time.ms = 86400000
	delegation.token.master.key = null
	delegation.token.max.lifetime.ms = 604800000
	delegation.token.secret.key = null
	delete.records.purgatory.purge.interval.requests = 1
	delete.topic.enable = true
	early.start.listeners = null
	fetch.max.bytes = 57671680
	fetch.purgatory.purge.interval.requests = 1000
	group.initial.rebalance.delay.ms = 0
	group.max.session.timeout.ms = 1800000
	group.max.size = 2147483647
	group.min.session.timeout.ms = 6000
	initial.broker.registration.timeout.ms = 60000
	inter.broker.listener.name = null
	inter.broker.protocol.version = 3.3-IV3
	kafka.metrics.polling.interval.secs = 10
	kafka.metrics.reporters = []
	leader.imbalance.check.interval.seconds = 300
	leader.imbalance.per.broker.percentage = 10
	listener.security.protocol.map = PLAINTEXT:PLAINTEXT,SSL:SSL,SASL_PLAINTEXT:SASL_PLAINTEXT,SASL_SSL:SASL_SSL
	listeners = PLAINTEXT://:9092
	log.cleaner.backoff.ms = 15000
	log.cleaner.dedupe.buffer.size = 134217728
	log.cleaner.delete.retention.ms = 86400000
	log.cleaner.enable = true
	log.cleaner.io.buffer.load.factor = 0.9
	log.cleaner.io.buffer.size = 524288
	log.cleaner.io.max.bytes.per.second = 1.7976931348623157E308
	log.cleaner.max.compaction.lag.ms = 9223372036854775807
	log.cleaner.min.cleanable.ratio = 0.5
	log.cleaner.min.compaction.lag.ms = 0
	log.cleaner.threads = 1
	log.cleanup.policy = [delete]
	log.dir = /tmp/kafka-logs
	log.dirs = /tmp/kafka-logs
	log.flush.interval.messages = 9223372036854775807
	log.flush.interval.ms = null
	log.flush.offset.checkpoint.interval.ms = 60000
	log.flush.scheduler.interval.ms = 9223372036854775807
	log.flush.start.offset.checkpoint.interval.ms = 60000
	log.index.interval.bytes = 4096
	log.index.size.max.bytes = 10485760
	log.message.downconversion.enable = true
	log.message.format.version = 3.0-IV1
	log.message.timestamp.difference.max.ms = 9223372036854775807
	log.message.timestamp.type = CreateTime
	log.preallocate = false
	log.retention.bytes = -1
	log.retention.check.interval.ms = 300000
	log.retention.hours = 168
	log.retention.minutes = null
	log.retention.ms = null
	log.roll.hours = 168
	log.roll.jitter.hours = 0
	log.roll.jitter.ms = null
	log.roll.ms = null
	log.segment.bytes = 1073741824
	log.segment.delete.delay.ms = 60000
	max.connection.creation.rate = 2147483647
	max.connections = 2147483647
	max.connections.per.ip = 2147483647
	max.connections.per.ip.overrides = 
	max.incremental.fetch.session.cache.slots = 1000
	message.max.bytes = 1048588
	metadata.log.dir = null
	metadata.log.max.record.bytes.between.snapshots = 20971520
	metadata.log.segment.bytes = 1073741824
	metadata.log.segment.min.bytes = 8388608
	metadata.log.segment.ms = 604800000
	metadata.max.idle.interval.ms = 500
	metadata.max.retention.bytes = -1
	metadata.max.retention.ms = 604800000
	metric.reporters = []
	metrics.num.samples = 2
	metrics.recording.level = INFO
	metrics.sample.window.ms = 30000
	min.insync.replicas = 1
	node.id = 0
	num.io.threads = 8
	num.network.threads = 3
	num.partitions = 1
	num.recovery.threads.per.data.dir = 1
	num.replica.alter.log.dirs.threads = null
	num.replica.fetchers = 1
	offset.metadata.max.bytes = 4096
	offsets.commit.required.acks = -1
	offsets.commit.timeout.ms = 5000
	offsets.load.buffer.size = 5242880
	offsets.retention.check.interval.ms = 600000
	offsets.retention.minutes = 10080
	offsets.topic.compression.codec = 0
	offsets.topic.num.partitions = 50
	offsets.topic.replication.factor = 1
	offsets.topic.segment.bytes = 104857600
	password.encoder.cipher.algorithm = AES/CBC/PKCS5Padding
	password.encoder.iterations = 4096
	password.encoder.key.length = 128
	password.encoder.keyfactory.algorithm = null
	password.encoder.old.secret = null
	password.encoder.secret = null
	principal.builder.class = class org.apache.kafka.common.security.authenticator.DefaultKafkaPrincipalBuilder
	process.roles = []
	producer.purgatory.purge.interval.requests = 1000
	queued.max.request.bytes = -1
	queued.max.requests = 500
	quota.window.num = 11
	quota.window.size.seconds = 1
	remote.log.index.file.cache.total.size.bytes = 1073741824
	remote.log.manager.task.interval.ms = 30000
	remote.log.manager.task.retry.backoff.max.ms = 30000
	remote.log.manager.task.retry.backoff.ms = 500
	remote.log.manager.task.retry.jitter = 0.2
	remote.log.manager.thread.pool.size = 10
	remote.log.metadata.manager.class.name = null
	remote.log.metadata.manager.class.path = null
	remote.log.metadata.manager.impl.prefix = null
	remote.log.metadata.manager.listener.name = null
	remote.log.reader.max.pending.tasks = 100
	remote.log.reader.threads = 10
	remote.log.storage.manager.class.name = null
	remote.log.storage.manager.class.path = null
	remote.log.storage.manager.impl.prefix = null
	remote.log.storage.system.enable = false
	replica.fetch.backoff.ms = 1000
	replica.fetch.max.bytes = 1048576
	replica.fetch.min.bytes = 1
	replica.fetch.response.max.bytes = 10485760
	replica.fetch.wait.max.ms = 500
	replica.high.watermark.checkpoint.interval.ms = 5000
	replica.lag.time.max.ms = 30000
	replica.selector.class = null
	replica.socket.receive.buffer.bytes = 65536
	replica.socket.timeout.ms = 30000
	replication.quota.window.num = 11
	replication.quota.window.size.seconds = 1
	request.timeout.ms = 30000
	reserved.broker.max.id = 1000
	sasl.client.callback.handler.class = null
	sasl.enabled.mechanisms = [GSSAPI]
	sasl.jaas.config = null
	sasl.kerberos.kinit.cmd = /usr/bin/kinit
	sasl.kerberos.min.time.before.relogin = 60000
	sasl.kerberos.principal.to.local.rules = [DEFAULT]
	sasl.kerberos.service.name = null
	sasl.kerberos.ticket.renew.jitter = 0.05
	sasl.kerberos.ticket.renew.window.factor = 0.8
	sasl.login.callback.handler.class = null
	sasl.login.class = null
	sasl.login.connect.timeout.ms = null
	sasl.login.read.timeout.ms = null
	sasl.login.refresh.buffer.seconds = 300
	sasl.login.refresh.min.period.seconds = 60
	sasl.login.refresh.window.factor = 0.8
	sasl.login.refresh.window.jitter = 0.05
	sasl.login.retry.backoff.max.ms = 10000
	sasl.login.retry.backoff.ms = 100
	sasl.mechanism.controller.protocol = GSSAPI
	sasl.mechanism.inter.broker.protocol = GSSAPI
	sasl.oauthbearer.clock.skew.seconds = 30
	sasl.oauthbearer.expected.audience = null
	sasl.oauthbearer.expected.issuer = null
	sasl.oauthbearer.jwks.endpoint.refresh.ms = 3600000
	sasl.oauthbearer.jwks.endpoint.retry.backoff.max.ms = 10000
	sasl.oauthbearer.jwks.endpoint.retry.backoff.ms = 100
	sasl.oauthbearer.jwks.endpoint.url = null
	sasl.oauthbearer.scope.claim.name = scope
	sasl.oauthbearer.sub.claim.name = sub
	sasl.oauthbearer.token.endpoint.url = null
	sasl.server.callback.handler.class = null
	sasl.server.max.receive.size = 524288
	security.inter.broker.protocol = PLAINTEXT
	security.providers = null
	socket.connection.setup.timeout.max.ms = 30000
	socket.connection.setup.timeout.ms = 10000
	socket.listen.backlog.size = 50
	socket.receive.buffer.bytes = 102400
	socket.request.max.bytes = 104857600
	socket.send.buffer.bytes = 102400
	ssl.cipher.suites = []
	ssl.client.auth = none
	ssl.enabled.protocols = [TLSv1.2, TLSv1.3]
	ssl.endpoint.identification.algorithm = https
	ssl.engine.factory.class = null
	ssl.key.password = null
	ssl.keymanager.algorithm = SunX509
	ssl.keystore.certificate.chain = null
	ssl.keystore.key = null
	ssl.keystore.location = null
	ssl.keystore.password = null
	ssl.keystore.type = JKS
	ssl.principal.mapping.rules = DEFAULT
	ssl.protocol = TLSv1.3
	ssl.provider = null
	ssl.secure.random.implementation = null
	ssl.trustmanager.algorithm = PKIX
	ssl.truststore.certificates = null
	ssl.truststore.location = null
	ssl.truststore.password = null
	ssl.truststore.type = JKS
	transaction.abort.timed.out.transaction.cleanup.interval.ms = 10000
	transaction.max.timeout.ms = 900000
	transaction.remove.expired.transaction.cleanup.interval.ms = 3600000
	transaction.state.log.load.buffer.size = 5242880
	transaction.state.log.min.isr = 1
	transaction.state.log.num.partitions = 50
	transaction.state.log.replication.factor = 1
	transaction.state.log.segment.bytes = 104857600
	transactional.id.expiration.ms = 604800000
	unclean.leader.election.enable = false
	zookeeper.clientCnxnSocket = null
	zookeeper.connect = localhost:2181
	zookeeper.connection.timeout.ms = 18000
	zookeeper.max.in.flight.requests = 10
	zookeeper.session.timeout.ms = 18000
	zookeeper.set.acl = false
	zookeeper.ssl.cipher.suites = null
	zookeeper.ssl.client.enable = false
	zookeeper.ssl.crl.enable = false
	zookeeper.ssl.enabled.protocols = null
	zookeeper.ssl.endpoint.identification.algorithm = HTTPS
	zookeeper.ssl.keystore.location = null
	zookeeper.ssl.keystore.password = null
	zookeeper.ssl.keystore.type = null
	zookeeper.ssl.ocsp.enable = false
	zookeeper.ssl.protocol = TLSv1.2
	zookeeper.ssl.truststore.location = null
	zookeeper.ssl.truststore.password = null
	zookeeper.ssl.truststore.type = null
 (kafka.server.KafkaConfig)
[2023-01-09 21:17:34,446] INFO [ThrottledChannelReaper-Fetch]: Starting (kafka.server.ClientQuotaManager$ThrottledChannelReaper)
[2023-01-09 21:17:34,446] INFO [ThrottledChannelReaper-Produce]: Starting (kafka.server.ClientQuotaManager$ThrottledChannelReaper)
[2023-01-09 21:17:34,447] INFO [ThrottledChannelReaper-Request]: Starting (kafka.server.ClientQuotaManager$ThrottledChannelReaper)
[2023-01-09 21:17:34,448] INFO [ThrottledChannelReaper-ControllerMutation]: Starting (kafka.server.ClientQuotaManager$ThrottledChannelReaper)
[2023-01-09 21:17:34,471] INFO Loading logs from log dirs ArrayBuffer(/tmp/kafka-logs) (kafka.log.LogManager)
[2023-01-09 21:17:34,472] INFO Skipping recovery for all logs in /tmp/kafka-logs since clean shutdown file was found (kafka.log.LogManager)
[2023-01-09 21:17:34,549] INFO [LogLoader partition=__consumer_offsets-9, dir=/tmp/kafka-logs] Loading producer state till offset 3 with message format version 2 (kafka.log.UnifiedLog$)
[2023-01-09 21:17:34,549] INFO [LogLoader partition=__consumer_offsets-9, dir=/tmp/kafka-logs] Reloading from producer snapshot and rebuilding producer state from offset 3 (kafka.log.UnifiedLog$)
[2023-01-09 21:17:34,550] INFO [ProducerStateManager partition=__consumer_offsets-9] Loading producer state from snapshot file 'SnapshotFile(/tmp/kafka-logs/__consumer_offsets-9/00000000000000000003.snapshot,3)' (kafka.log.ProducerStateManager)
[2023-01-09 21:17:34,553] INFO [LogLoader partition=__consumer_offsets-9, dir=/tmp/kafka-logs] Producer state recovery took 4ms for snapshot load and 0ms for segment recovery from offset 3 (kafka.log.UnifiedLog$)
[2023-01-09 21:17:34,563] INFO Completed load of Log(dir=/tmp/kafka-logs/__consumer_offsets-9, topicId=SfHl-B7YTr6suX6w4E4iyg, topic=__consumer_offsets, partition=9, highWatermark=0, lastStableOffset=0, logStartOffset=0, logEndOffset=3) with 1 segments in 72ms (1/53 completed in /tmp/kafka-logs) (kafka.log.LogManager)
[2023-01-09 21:17:34,565] INFO [LogLoader partition=__consumer_offsets-0, dir=/tmp/kafka-logs] Loading producer state till offset 0 with message format version 2 (kafka.log.UnifiedLog$)
[2023-01-09 21:17:34,567] INFO Completed load of Log(dir=/tmp/kafka-logs/__consumer_offsets-0, topicId=SfHl-B7YTr6suX6w4E4iyg, topic=__consumer_offsets, partition=0, highWatermark=0, lastStableOffset=0, logStartOffset=0, logEndOffset=0) with 1 segments in 4ms (2/53 completed in /tmp/kafka-logs) (kafka.log.LogManager)
[2023-01-09 21:17:34,569] INFO [LogLoader partition=__consumer_offsets-7, dir=/tmp/kafka-logs] Loading producer state till offset 0 with message format version 2 (kafka.log.UnifiedLog$)
[2023-01-09 21:17:34,570] INFO Completed load of Log(dir=/tmp/kafka-logs/__consumer_offsets-7, topicId=SfHl-B7YTr6suX6w4E4iyg, topic=__consumer_offsets, partition=7, highWatermark=0, lastStableOffset=0, logStartOffset=0, logEndOffset=0) with 1 segments in 3ms (3/53 completed in /tmp/kafka-logs) (kafka.log.LogManager)
[2023-01-09 21:17:34,572] INFO [LogLoader partition=__consumer_offsets-31, dir=/tmp/kafka-logs] Loading producer state till offset 0 with message format version 2 (kafka.log.UnifiedLog$)
[2023-01-09 21:17:34,573] INFO Completed load of Log(dir=/tmp/kafka-logs/__consumer_offsets-31, topicId=SfHl-B7YTr6suX6w4E4iyg, topic=__consumer_offsets, partition=31, highWatermark=0, lastStableOffset=0, logStartOffset=0, logEndOffset=0) with 1 segments in 2ms (4/53 completed in /tmp/kafka-logs) (kafka.log.LogManager)
[2023-01-09 21:17:34,574] INFO [LogLoader partition=__consumer_offsets-36, dir=/tmp/kafka-logs] Loading producer state till offset 0 with message format version 2 (kafka.log.UnifiedLog$)
[2023-01-09 21:17:34,575] INFO Completed load of Log(dir=/tmp/kafka-logs/__consumer_offsets-36, topicId=SfHl-B7YTr6suX6w4E4iyg, topic=__consumer_offsets, partition=36, highWatermark=0, lastStableOffset=0, logStartOffset=0, logEndOffset=0) with 1 segments in 3ms (5/53 completed in /tmp/kafka-logs) (kafka.log.LogManager)
[2023-01-09 21:17:34,577] INFO [LogLoader partition=__consumer_offsets-38, dir=/tmp/kafka-logs] Loading producer state till offset 0 with message format version 2 (kafka.log.UnifiedLog$)
[2023-01-09 21:17:34,578] INFO Completed load of Log(dir=/tmp/kafka-logs/__consumer_offsets-38, topicId=SfHl-B7YTr6suX6w4E4iyg, topic=__consumer_offsets, partition=38, highWatermark=0, lastStableOffset=0, logStartOffset=0, logEndOffset=0) with 1 segments in 2ms (6/53 completed in /tmp/kafka-logs) (kafka.log.LogManager)
[2023-01-09 21:17:34,579] INFO [LogLoader partition=__consumer_offsets-6, dir=/tmp/kafka-logs] Loading producer state till offset 0 with message format version 2 (kafka.log.UnifiedLog$)
[2023-01-09 21:17:34,580] INFO Completed load of Log(dir=/tmp/kafka-logs/__consumer_offsets-6, topicId=SfHl-B7YTr6suX6w4E4iyg, topic=__consumer_offsets, partition=6, highWatermark=0, lastStableOffset=0, logStartOffset=0, logEndOffset=0) with 1 segments in 2ms (7/53 completed in /tmp/kafka-logs) (kafka.log.LogManager)
[2023-01-09 21:17:34,581] INFO [LogLoader partition=__consumer_offsets-1, dir=/tmp/kafka-logs] Loading producer state till offset 0 with message format version 2 (kafka.log.UnifiedLog$)
[2023-01-09 21:17:34,582] INFO Completed load of Log(dir=/tmp/kafka-logs/__consumer_offsets-1, topicId=SfHl-B7YTr6suX6w4E4iyg, topic=__consumer_offsets, partition=1, highWatermark=0, lastStableOffset=0, logStartOffset=0, logEndOffset=0) with 1 segments in 2ms (8/53 completed in /tmp/kafka-logs) (kafka.log.LogManager)
[2023-01-09 21:17:34,584] INFO [LogLoader partition=__consumer_offsets-8, dir=/tmp/kafka-logs] Loading producer state till offset 0 with message format version 2 (kafka.log.UnifiedLog$)
[2023-01-09 21:17:34,585] INFO Completed load of Log(dir=/tmp/kafka-logs/__consumer_offsets-8, topicId=SfHl-B7YTr6suX6w4E4iyg, topic=__consumer_offsets, partition=8, highWatermark=0, lastStableOffset=0, logStartOffset=0, logEndOffset=0) with 1 segments in 3ms (9/53 completed in /tmp/kafka-logs) (kafka.log.LogManager)
[2023-01-09 21:17:34,587] INFO [LogLoader partition=__consumer_offsets-39, dir=/tmp/kafka-logs] Loading producer state till offset 0 with message format version 2 (kafka.log.UnifiedLog$)
[2023-01-09 21:17:34,588] INFO Completed load of Log(dir=/tmp/kafka-logs/__consumer_offsets-39, topicId=SfHl-B7YTr6suX6w4E4iyg, topic=__consumer_offsets, partition=39, highWatermark=0, lastStableOffset=0, logStartOffset=0, logEndOffset=0) with 1 segments in 3ms (10/53 completed in /tmp/kafka-logs) (kafka.log.LogManager)
[2023-01-09 21:17:34,589] INFO [LogLoader partition=__consumer_offsets-37, dir=/tmp/kafka-logs] Loading producer state till offset 0 with message format version 2 (kafka.log.UnifiedLog$)
[2023-01-09 21:17:34,590] INFO Completed load of Log(dir=/tmp/kafka-logs/__consumer_offsets-37, topicId=SfHl-B7YTr6suX6w4E4iyg, topic=__consumer_offsets, partition=37, highWatermark=0, lastStableOffset=0, logStartOffset=0, logEndOffset=0) with 1 segments in 2ms (11/53 completed in /tmp/kafka-logs) (kafka.log.LogManager)
[2023-01-09 21:17:34,591] INFO [LogLoader partition=__consumer_offsets-30, dir=/tmp/kafka-logs] Loading producer state till offset 0 with message format version 2 (kafka.log.UnifiedLog$)
[2023-01-09 21:17:34,592] INFO Completed load of Log(dir=/tmp/kafka-logs/__consumer_offsets-30, topicId=SfHl-B7YTr6suX6w4E4iyg, topic=__consumer_offsets, partition=30, highWatermark=0, lastStableOffset=0, logStartOffset=0, logEndOffset=0) with 1 segments in 2ms (12/53 completed in /tmp/kafka-logs) (kafka.log.LogManager)
[2023-01-09 21:17:34,615] INFO [LogLoader partition=events-0, dir=/tmp/kafka-logs] Loading producer state till offset 39686 with message format version 2 (kafka.log.UnifiedLog$)
[2023-01-09 21:17:34,615] INFO [LogLoader partition=events-0, dir=/tmp/kafka-logs] Reloading from producer snapshot and rebuilding producer state from offset 39686 (kafka.log.UnifiedLog$)
[2023-01-09 21:17:34,615] INFO [ProducerStateManager partition=events-0] Loading producer state from snapshot file 'SnapshotFile(/tmp/kafka-logs/events-0/00000000000000039686.snapshot,39686)' (kafka.log.ProducerStateManager)
[2023-01-09 21:17:34,615] INFO [LogLoader partition=events-0, dir=/tmp/kafka-logs] Producer state recovery took 0ms for snapshot load and 0ms for segment recovery from offset 39686 (kafka.log.UnifiedLog$)
[2023-01-09 21:17:34,616] INFO Completed load of Log(dir=/tmp/kafka-logs/events-0, topicId=qMFqHpDfT7isUEr9rTgYTA, topic=events, partition=0, highWatermark=0, lastStableOffset=0, logStartOffset=0, logEndOffset=39686) with 1 segments in 25ms (13/53 completed in /tmp/kafka-logs) (kafka.log.LogManager)
[2023-01-09 21:17:34,618] INFO [LogLoader partition=__consumer_offsets-12, dir=/tmp/kafka-logs] Loading producer state till offset 0 with message format version 2 (kafka.log.UnifiedLog$)
[2023-01-09 21:17:34,619] INFO Completed load of Log(dir=/tmp/kafka-logs/__consumer_offsets-12, topicId=SfHl-B7YTr6suX6w4E4iyg, topic=__consumer_offsets, partition=12, highWatermark=0, lastStableOffset=0, logStartOffset=0, logEndOffset=0) with 1 segments in 3ms (14/53 completed in /tmp/kafka-logs) (kafka.log.LogManager)
[2023-01-09 21:17:34,622] INFO [LogLoader partition=__consumer_offsets-15, dir=/tmp/kafka-logs] Loading producer state till offset 0 with message format version 2 (kafka.log.UnifiedLog$)
[2023-01-09 21:17:34,623] INFO Completed load of Log(dir=/tmp/kafka-logs/__consumer_offsets-15, topicId=SfHl-B7YTr6suX6w4E4iyg, topic=__consumer_offsets, partition=15, highWatermark=0, lastStableOffset=0, logStartOffset=0, logEndOffset=0) with 1 segments in 2ms (15/53 completed in /tmp/kafka-logs) (kafka.log.LogManager)
[2023-01-09 21:17:34,624] INFO [LogLoader partition=__consumer_offsets-23, dir=/tmp/kafka-logs] Loading producer state till offset 0 with message format version 2 (kafka.log.UnifiedLog$)
[2023-01-09 21:17:34,625] INFO Completed load of Log(dir=/tmp/kafka-logs/__consumer_offsets-23, topicId=SfHl-B7YTr6suX6w4E4iyg, topic=__consumer_offsets, partition=23, highWatermark=0, lastStableOffset=0, logStartOffset=0, logEndOffset=0) with 1 segments in 2ms (16/53 completed in /tmp/kafka-logs) (kafka.log.LogManager)
[2023-01-09 21:17:34,626] INFO [LogLoader partition=__consumer_offsets-24, dir=/tmp/kafka-logs] Loading producer state till offset 0 with message format version 2 (kafka.log.UnifiedLog$)
[2023-01-09 21:17:34,627] INFO Completed load of Log(dir=/tmp/kafka-logs/__consumer_offsets-24, topicId=SfHl-B7YTr6suX6w4E4iyg, topic=__consumer_offsets, partition=24, highWatermark=0, lastStableOffset=0, logStartOffset=0, logEndOffset=0) with 1 segments in 2ms (17/53 completed in /tmp/kafka-logs) (kafka.log.LogManager)
[2023-01-09 21:17:34,650] INFO [LogLoader partition=message-0, dir=/tmp/kafka-logs] Loading producer state till offset 59 with message format version 2 (kafka.log.UnifiedLog$)
[2023-01-09 21:17:34,650] INFO [LogLoader partition=message-0, dir=/tmp/kafka-logs] Reloading from producer snapshot and rebuilding producer state from offset 59 (kafka.log.UnifiedLog$)
[2023-01-09 21:17:34,650] INFO [ProducerStateManager partition=message-0] Loading producer state from snapshot file 'SnapshotFile(/tmp/kafka-logs/message-0/00000000000000000059.snapshot,59)' (kafka.log.ProducerStateManager)
[2023-01-09 21:17:34,658] INFO [LogLoader partition=message-0, dir=/tmp/kafka-logs] Producer state recovery took 8ms for snapshot load and 0ms for segment recovery from offset 59 (kafka.log.UnifiedLog$)
[2023-01-09 21:17:34,659] INFO Completed load of Log(dir=/tmp/kafka-logs/message-0, topicId=hEyJPBsVRkm1bceCK-9cZw, topic=message, partition=0, highWatermark=0, lastStableOffset=0, logStartOffset=0, logEndOffset=59) with 1 segments in 33ms (18/53 completed in /tmp/kafka-logs) (kafka.log.LogManager)
[2023-01-09 21:17:34,661] INFO [LogLoader partition=__consumer_offsets-48, dir=/tmp/kafka-logs] Loading producer state till offset 0 with message format version 2 (kafka.log.UnifiedLog$)
[2023-01-09 21:17:34,662] INFO Completed load of Log(dir=/tmp/kafka-logs/__consumer_offsets-48, topicId=SfHl-B7YTr6suX6w4E4iyg, topic=__consumer_offsets, partition=48, highWatermark=0, lastStableOffset=0, logStartOffset=0, logEndOffset=0) with 1 segments in 2ms (19/53 completed in /tmp/kafka-logs) (kafka.log.LogManager)
[2023-01-09 21:17:34,663] INFO [LogLoader partition=__consumer_offsets-41, dir=/tmp/kafka-logs] Loading producer state till offset 0 with message format version 2 (kafka.log.UnifiedLog$)
[2023-01-09 21:17:34,664] INFO Completed load of Log(dir=/tmp/kafka-logs/__consumer_offsets-41, topicId=SfHl-B7YTr6suX6w4E4iyg, topic=__consumer_offsets, partition=41, highWatermark=0, lastStableOffset=0, logStartOffset=0, logEndOffset=0) with 1 segments in 2ms (20/53 completed in /tmp/kafka-logs) (kafka.log.LogManager)
[2023-01-09 21:17:34,666] INFO [LogLoader partition=__consumer_offsets-46, dir=/tmp/kafka-logs] Loading producer state till offset 0 with message format version 2 (kafka.log.UnifiedLog$)
[2023-01-09 21:17:34,667] INFO Completed load of Log(dir=/tmp/kafka-logs/__consumer_offsets-46, topicId=SfHl-B7YTr6suX6w4E4iyg, topic=__consumer_offsets, partition=46, highWatermark=0, lastStableOffset=0, logStartOffset=0, logEndOffset=0) with 1 segments in 3ms (21/53 completed in /tmp/kafka-logs) (kafka.log.LogManager)
[2023-01-09 21:17:34,668] INFO [LogLoader partition=__consumer_offsets-25, dir=/tmp/kafka-logs] Loading producer state till offset 0 with message format version 2 (kafka.log.UnifiedLog$)
[2023-01-09 21:17:34,669] INFO Completed load of Log(dir=/tmp/kafka-logs/__consumer_offsets-25, topicId=SfHl-B7YTr6suX6w4E4iyg, topic=__consumer_offsets, partition=25, highWatermark=0, lastStableOffset=0, logStartOffset=0, logEndOffset=0) with 1 segments in 2ms (22/53 completed in /tmp/kafka-logs) (kafka.log.LogManager)
[2023-01-09 21:17:34,670] INFO [LogLoader partition=__consumer_offsets-22, dir=/tmp/kafka-logs] Loading producer state till offset 0 with message format version 2 (kafka.log.UnifiedLog$)
[2023-01-09 21:17:34,671] INFO Completed load of Log(dir=/tmp/kafka-logs/__consumer_offsets-22, topicId=SfHl-B7YTr6suX6w4E4iyg, topic=__consumer_offsets, partition=22, highWatermark=0, lastStableOffset=0, logStartOffset=0, logEndOffset=0) with 1 segments in 2ms (23/53 completed in /tmp/kafka-logs) (kafka.log.LogManager)
[2023-01-09 21:17:34,673] INFO [LogLoader partition=__consumer_offsets-14, dir=/tmp/kafka-logs] Loading producer state till offset 0 with message format version 2 (kafka.log.UnifiedLog$)
[2023-01-09 21:17:34,673] INFO Completed load of Log(dir=/tmp/kafka-logs/__consumer_offsets-14, topicId=SfHl-B7YTr6suX6w4E4iyg, topic=__consumer_offsets, partition=14, highWatermark=0, lastStableOffset=0, logStartOffset=0, logEndOffset=0) with 1 segments in 1ms (24/53 completed in /tmp/kafka-logs) (kafka.log.LogManager)
[2023-01-09 21:17:34,674] INFO [LogLoader partition=__consumer_offsets-13, dir=/tmp/kafka-logs] Loading producer state till offset 0 with message format version 2 (kafka.log.UnifiedLog$)
[2023-01-09 21:17:34,675] INFO Completed load of Log(dir=/tmp/kafka-logs/__consumer_offsets-13, topicId=SfHl-B7YTr6suX6w4E4iyg, topic=__consumer_offsets, partition=13, highWatermark=0, lastStableOffset=0, logStartOffset=0, logEndOffset=0) with 1 segments in 1ms (25/53 completed in /tmp/kafka-logs) (kafka.log.LogManager)
[2023-01-09 21:17:34,697] INFO [LogLoader partition=__consumer_offsets-47, dir=/tmp/kafka-logs] Loading producer state till offset 3 with message format version 2 (kafka.log.UnifiedLog$)
[2023-01-09 21:17:34,697] INFO [LogLoader partition=__consumer_offsets-47, dir=/tmp/kafka-logs] Reloading from producer snapshot and rebuilding producer state from offset 3 (kafka.log.UnifiedLog$)
[2023-01-09 21:17:34,697] INFO [ProducerStateManager partition=__consumer_offsets-47] Loading producer state from snapshot file 'SnapshotFile(/tmp/kafka-logs/__consumer_offsets-47/00000000000000000003.snapshot,3)' (kafka.log.ProducerStateManager)
[2023-01-09 21:17:34,698] INFO [LogLoader partition=__consumer_offsets-47, dir=/tmp/kafka-logs] Producer state recovery took 1ms for snapshot load and 0ms for segment recovery from offset 3 (kafka.log.UnifiedLog$)
[2023-01-09 21:17:34,698] INFO Completed load of Log(dir=/tmp/kafka-logs/__consumer_offsets-47, topicId=SfHl-B7YTr6suX6w4E4iyg, topic=__consumer_offsets, partition=47, highWatermark=0, lastStableOffset=0, logStartOffset=0, logEndOffset=3) with 1 segments in 24ms (26/53 completed in /tmp/kafka-logs) (kafka.log.LogManager)
[2023-01-09 21:17:34,700] INFO [LogLoader partition=__consumer_offsets-40, dir=/tmp/kafka-logs] Loading producer state till offset 0 with message format version 2 (kafka.log.UnifiedLog$)
[2023-01-09 21:17:34,701] INFO Completed load of Log(dir=/tmp/kafka-logs/__consumer_offsets-40, topicId=SfHl-B7YTr6suX6w4E4iyg, topic=__consumer_offsets, partition=40, highWatermark=0, lastStableOffset=0, logStartOffset=0, logEndOffset=0) with 1 segments in 2ms (27/53 completed in /tmp/kafka-logs) (kafka.log.LogManager)
[2023-01-09 21:17:34,702] INFO [LogLoader partition=__consumer_offsets-49, dir=/tmp/kafka-logs] Loading producer state till offset 0 with message format version 2 (kafka.log.UnifiedLog$)
[2023-01-09 21:17:34,703] INFO Completed load of Log(dir=/tmp/kafka-logs/__consumer_offsets-49, topicId=SfHl-B7YTr6suX6w4E4iyg, topic=__consumer_offsets, partition=49, highWatermark=0, lastStableOffset=0, logStartOffset=0, logEndOffset=0) with 1 segments in 2ms (28/53 completed in /tmp/kafka-logs) (kafka.log.LogManager)
[2023-01-09 21:17:34,704] INFO [LogLoader partition=__consumer_offsets-35, dir=/tmp/kafka-logs] Loading producer state till offset 0 with message format version 2 (kafka.log.UnifiedLog$)
[2023-01-09 21:17:34,705] INFO Completed load of Log(dir=/tmp/kafka-logs/__consumer_offsets-35, topicId=SfHl-B7YTr6suX6w4E4iyg, topic=__consumer_offsets, partition=35, highWatermark=0, lastStableOffset=0, logStartOffset=0, logEndOffset=0) with 1 segments in 3ms (29/53 completed in /tmp/kafka-logs) (kafka.log.LogManager)
[2023-01-09 21:17:34,707] INFO [LogLoader partition=__consumer_offsets-32, dir=/tmp/kafka-logs] Loading producer state till offset 0 with message format version 2 (kafka.log.UnifiedLog$)
[2023-01-09 21:17:34,708] INFO Completed load of Log(dir=/tmp/kafka-logs/__consumer_offsets-32, topicId=SfHl-B7YTr6suX6w4E4iyg, topic=__consumer_offsets, partition=32, highWatermark=0, lastStableOffset=0, logStartOffset=0, logEndOffset=0) with 1 segments in 2ms (30/53 completed in /tmp/kafka-logs) (kafka.log.LogManager)
[2023-01-09 21:17:34,709] INFO [LogLoader partition=__consumer_offsets-4, dir=/tmp/kafka-logs] Loading producer state till offset 0 with message format version 2 (kafka.log.UnifiedLog$)
[2023-01-09 21:17:34,709] INFO Completed load of Log(dir=/tmp/kafka-logs/__consumer_offsets-4, topicId=SfHl-B7YTr6suX6w4E4iyg, topic=__consumer_offsets, partition=4, highWatermark=0, lastStableOffset=0, logStartOffset=0, logEndOffset=0) with 1 segments in 2ms (31/53 completed in /tmp/kafka-logs) (kafka.log.LogManager)
[2023-01-09 21:17:34,711] INFO [LogLoader partition=__consumer_offsets-3, dir=/tmp/kafka-logs] Loading producer state till offset 0 with message format version 2 (kafka.log.UnifiedLog$)
[2023-01-09 21:17:34,712] INFO Completed load of Log(dir=/tmp/kafka-logs/__consumer_offsets-3, topicId=SfHl-B7YTr6suX6w4E4iyg, topic=__consumer_offsets, partition=3, highWatermark=0, lastStableOffset=0, logStartOffset=0, logEndOffset=0) with 1 segments in 2ms (32/53 completed in /tmp/kafka-logs) (kafka.log.LogManager)
[2023-01-09 21:17:34,732] INFO [LogLoader partition=__consumer_offsets-33, dir=/tmp/kafka-logs] Loading producer state till offset 3 with message format version 2 (kafka.log.UnifiedLog$)
[2023-01-09 21:17:34,732] INFO [LogLoader partition=__consumer_offsets-33, dir=/tmp/kafka-logs] Reloading from producer snapshot and rebuilding producer state from offset 3 (kafka.log.UnifiedLog$)
[2023-01-09 21:17:34,732] INFO [ProducerStateManager partition=__consumer_offsets-33] Loading producer state from snapshot file 'SnapshotFile(/tmp/kafka-logs/__consumer_offsets-33/00000000000000000003.snapshot,3)' (kafka.log.ProducerStateManager)
[2023-01-09 21:17:34,733] INFO [LogLoader partition=__consumer_offsets-33, dir=/tmp/kafka-logs] Producer state recovery took 1ms for snapshot load and 0ms for segment recovery from offset 3 (kafka.log.UnifiedLog$)
[2023-01-09 21:17:34,734] INFO Completed load of Log(dir=/tmp/kafka-logs/__consumer_offsets-33, topicId=SfHl-B7YTr6suX6w4E4iyg, topic=__consumer_offsets, partition=33, highWatermark=0, lastStableOffset=0, logStartOffset=0, logEndOffset=3) with 1 segments in 22ms (33/53 completed in /tmp/kafka-logs) (kafka.log.LogManager)
[2023-01-09 21:17:34,735] INFO [LogLoader partition=__consumer_offsets-34, dir=/tmp/kafka-logs] Loading producer state till offset 0 with message format version 2 (kafka.log.UnifiedLog$)
[2023-01-09 21:17:34,736] INFO Completed load of Log(dir=/tmp/kafka-logs/__consumer_offsets-34, topicId=SfHl-B7YTr6suX6w4E4iyg, topic=__consumer_offsets, partition=34, highWatermark=0, lastStableOffset=0, logStartOffset=0, logEndOffset=0) with 1 segments in 3ms (34/53 completed in /tmp/kafka-logs) (kafka.log.LogManager)
[2023-01-09 21:17:34,738] INFO [LogLoader partition=__consumer_offsets-2, dir=/tmp/kafka-logs] Loading producer state till offset 0 with message format version 2 (kafka.log.UnifiedLog$)
[2023-01-09 21:17:34,739] INFO Completed load of Log(dir=/tmp/kafka-logs/__consumer_offsets-2, topicId=SfHl-B7YTr6suX6w4E4iyg, topic=__consumer_offsets, partition=2, highWatermark=0, lastStableOffset=0, logStartOffset=0, logEndOffset=0) with 1 segments in 2ms (35/53 completed in /tmp/kafka-logs) (kafka.log.LogManager)
[2023-01-09 21:17:34,741] INFO [LogLoader partition=__consumer_offsets-5, dir=/tmp/kafka-logs] Loading producer state till offset 0 with message format version 2 (kafka.log.UnifiedLog$)
[2023-01-09 21:17:34,742] INFO Completed load of Log(dir=/tmp/kafka-logs/__consumer_offsets-5, topicId=SfHl-B7YTr6suX6w4E4iyg, topic=__consumer_offsets, partition=5, highWatermark=0, lastStableOffset=0, logStartOffset=0, logEndOffset=0) with 1 segments in 3ms (36/53 completed in /tmp/kafka-logs) (kafka.log.LogManager)
[2023-01-09 21:17:34,765] INFO [LogLoader partition=quickstart-events-0, dir=/tmp/kafka-logs] Loading producer state till offset 1 with message format version 2 (kafka.log.UnifiedLog$)
[2023-01-09 21:17:34,765] INFO [LogLoader partition=quickstart-events-0, dir=/tmp/kafka-logs] Reloading from producer snapshot and rebuilding producer state from offset 1 (kafka.log.UnifiedLog$)
[2023-01-09 21:17:34,765] INFO [ProducerStateManager partition=quickstart-events-0] Loading producer state from snapshot file 'SnapshotFile(/tmp/kafka-logs/quickstart-events-0/00000000000000000001.snapshot,1)' (kafka.log.ProducerStateManager)
[2023-01-09 21:17:34,765] INFO [LogLoader partition=quickstart-events-0, dir=/tmp/kafka-logs] Producer state recovery took 0ms for snapshot load and 0ms for segment recovery from offset 1 (kafka.log.UnifiedLog$)
[2023-01-09 21:17:34,766] INFO Completed load of Log(dir=/tmp/kafka-logs/quickstart-events-0, topicId=DYr8_8azT52JbhMiBT8tVQ, topic=quickstart-events, partition=0, highWatermark=0, lastStableOffset=0, logStartOffset=0, logEndOffset=1) with 1 segments in 24ms (37/53 completed in /tmp/kafka-logs) (kafka.log.LogManager)
[2023-01-09 21:17:34,768] INFO [LogLoader partition=__consumer_offsets-45, dir=/tmp/kafka-logs] Loading producer state till offset 0 with message format version 2 (kafka.log.UnifiedLog$)
[2023-01-09 21:17:34,768] INFO Completed load of Log(dir=/tmp/kafka-logs/__consumer_offsets-45, topicId=SfHl-B7YTr6suX6w4E4iyg, topic=__consumer_offsets, partition=45, highWatermark=0, lastStableOffset=0, logStartOffset=0, logEndOffset=0) with 1 segments in 3ms (38/53 completed in /tmp/kafka-logs) (kafka.log.LogManager)
[2023-01-09 21:17:34,770] INFO [LogLoader partition=__consumer_offsets-42, dir=/tmp/kafka-logs] Loading producer state till offset 0 with message format version 2 (kafka.log.UnifiedLog$)
[2023-01-09 21:17:34,771] INFO Completed load of Log(dir=/tmp/kafka-logs/__consumer_offsets-42, topicId=SfHl-B7YTr6suX6w4E4iyg, topic=__consumer_offsets, partition=42, highWatermark=0, lastStableOffset=0, logStartOffset=0, logEndOffset=0) with 1 segments in 2ms (39/53 completed in /tmp/kafka-logs) (kafka.log.LogManager)
[2023-01-09 21:17:34,772] INFO [LogLoader partition=__consumer_offsets-29, dir=/tmp/kafka-logs] Loading producer state till offset 0 with message format version 2 (kafka.log.UnifiedLog$)
[2023-01-09 21:17:34,773] INFO Completed load of Log(dir=/tmp/kafka-logs/__consumer_offsets-29, topicId=SfHl-B7YTr6suX6w4E4iyg, topic=__consumer_offsets, partition=29, highWatermark=0, lastStableOffset=0, logStartOffset=0, logEndOffset=0) with 1 segments in 2ms (40/53 completed in /tmp/kafka-logs) (kafka.log.LogManager)
[2023-01-09 21:17:34,774] INFO [LogLoader partition=__consumer_offsets-16, dir=/tmp/kafka-logs] Loading producer state till offset 0 with message format version 2 (kafka.log.UnifiedLog$)
[2023-01-09 21:17:34,774] INFO Completed load of Log(dir=/tmp/kafka-logs/__consumer_offsets-16, topicId=SfHl-B7YTr6suX6w4E4iyg, topic=__consumer_offsets, partition=16, highWatermark=0, lastStableOffset=0, logStartOffset=0, logEndOffset=0) with 1 segments in 2ms (41/53 completed in /tmp/kafka-logs) (kafka.log.LogManager)
[2023-01-09 21:17:34,776] INFO [LogLoader partition=__consumer_offsets-11, dir=/tmp/kafka-logs] Loading producer state till offset 0 with message format version 2 (kafka.log.UnifiedLog$)
[2023-01-09 21:17:34,776] INFO Completed load of Log(dir=/tmp/kafka-logs/__consumer_offsets-11, topicId=SfHl-B7YTr6suX6w4E4iyg, topic=__consumer_offsets, partition=11, highWatermark=0, lastStableOffset=0, logStartOffset=0, logEndOffset=0) with 1 segments in 2ms (42/53 completed in /tmp/kafka-logs) (kafka.log.LogManager)
[2023-01-09 21:17:34,778] INFO [LogLoader partition=__consumer_offsets-18, dir=/tmp/kafka-logs] Loading producer state till offset 0 with message format version 2 (kafka.log.UnifiedLog$)
[2023-01-09 21:17:34,778] INFO Completed load of Log(dir=/tmp/kafka-logs/__consumer_offsets-18, topicId=SfHl-B7YTr6suX6w4E4iyg, topic=__consumer_offsets, partition=18, highWatermark=0, lastStableOffset=0, logStartOffset=0, logEndOffset=0) with 1 segments in 2ms (43/53 completed in /tmp/kafka-logs) (kafka.log.LogManager)
[2023-01-09 21:17:34,780] INFO [LogLoader partition=__consumer_offsets-27, dir=/tmp/kafka-logs] Loading producer state till offset 0 with message format version 2 (kafka.log.UnifiedLog$)
[2023-01-09 21:17:34,781] INFO Completed load of Log(dir=/tmp/kafka-logs/__consumer_offsets-27, topicId=SfHl-B7YTr6suX6w4E4iyg, topic=__consumer_offsets, partition=27, highWatermark=0, lastStableOffset=0, logStartOffset=0, logEndOffset=0) with 1 segments in 2ms (44/53 completed in /tmp/kafka-logs) (kafka.log.LogManager)
[2023-01-09 21:17:34,782] INFO [LogLoader partition=__consumer_offsets-20, dir=/tmp/kafka-logs] Loading producer state till offset 0 with message format version 2 (kafka.log.UnifiedLog$)
[2023-01-09 21:17:34,783] INFO Completed load of Log(dir=/tmp/kafka-logs/__consumer_offsets-20, topicId=SfHl-B7YTr6suX6w4E4iyg, topic=__consumer_offsets, partition=20, highWatermark=0, lastStableOffset=0, logStartOffset=0, logEndOffset=0) with 1 segments in 2ms (45/53 completed in /tmp/kafka-logs) (kafka.log.LogManager)
[2023-01-09 21:17:34,785] INFO [LogLoader partition=__consumer_offsets-43, dir=/tmp/kafka-logs] Loading producer state till offset 0 with message format version 2 (kafka.log.UnifiedLog$)
[2023-01-09 21:17:34,786] INFO Completed load of Log(dir=/tmp/kafka-logs/__consumer_offsets-43, topicId=SfHl-B7YTr6suX6w4E4iyg, topic=__consumer_offsets, partition=43, highWatermark=0, lastStableOffset=0, logStartOffset=0, logEndOffset=0) with 1 segments in 3ms (46/53 completed in /tmp/kafka-logs) (kafka.log.LogManager)
[2023-01-09 21:17:34,787] INFO [LogLoader partition=__consumer_offsets-44, dir=/tmp/kafka-logs] Loading producer state till offset 0 with message format version 2 (kafka.log.UnifiedLog$)
[2023-01-09 21:17:34,788] INFO Completed load of Log(dir=/tmp/kafka-logs/__consumer_offsets-44, topicId=SfHl-B7YTr6suX6w4E4iyg, topic=__consumer_offsets, partition=44, highWatermark=0, lastStableOffset=0, logStartOffset=0, logEndOffset=0) with 1 segments in 2ms (47/53 completed in /tmp/kafka-logs) (kafka.log.LogManager)
[2023-01-09 21:17:34,789] INFO [LogLoader partition=__consumer_offsets-21, dir=/tmp/kafka-logs] Loading producer state till offset 0 with message format version 2 (kafka.log.UnifiedLog$)
[2023-01-09 21:17:34,790] INFO Completed load of Log(dir=/tmp/kafka-logs/__consumer_offsets-21, topicId=SfHl-B7YTr6suX6w4E4iyg, topic=__consumer_offsets, partition=21, highWatermark=0, lastStableOffset=0, logStartOffset=0, logEndOffset=0) with 1 segments in 2ms (48/53 completed in /tmp/kafka-logs) (kafka.log.LogManager)
[2023-01-09 21:17:34,791] INFO [LogLoader partition=__consumer_offsets-19, dir=/tmp/kafka-logs] Loading producer state till offset 0 with message format version 2 (kafka.log.UnifiedLog$)
[2023-01-09 21:17:34,792] INFO Completed load of Log(dir=/tmp/kafka-logs/__consumer_offsets-19, topicId=SfHl-B7YTr6suX6w4E4iyg, topic=__consumer_offsets, partition=19, highWatermark=0, lastStableOffset=0, logStartOffset=0, logEndOffset=0) with 1 segments in 2ms (49/53 completed in /tmp/kafka-logs) (kafka.log.LogManager)
[2023-01-09 21:17:34,793] INFO [LogLoader partition=__consumer_offsets-26, dir=/tmp/kafka-logs] Loading producer state till offset 0 with message format version 2 (kafka.log.UnifiedLog$)
[2023-01-09 21:17:34,793] INFO Completed load of Log(dir=/tmp/kafka-logs/__consumer_offsets-26, topicId=SfHl-B7YTr6suX6w4E4iyg, topic=__consumer_offsets, partition=26, highWatermark=0, lastStableOffset=0, logStartOffset=0, logEndOffset=0) with 1 segments in 2ms (50/53 completed in /tmp/kafka-logs) (kafka.log.LogManager)
[2023-01-09 21:17:34,795] INFO [LogLoader partition=__consumer_offsets-10, dir=/tmp/kafka-logs] Loading producer state till offset 0 with message format version 2 (kafka.log.UnifiedLog$)
[2023-01-09 21:17:34,795] INFO Completed load of Log(dir=/tmp/kafka-logs/__consumer_offsets-10, topicId=SfHl-B7YTr6suX6w4E4iyg, topic=__consumer_offsets, partition=10, highWatermark=0, lastStableOffset=0, logStartOffset=0, logEndOffset=0) with 1 segments in 1ms (51/53 completed in /tmp/kafka-logs) (kafka.log.LogManager)
[2023-01-09 21:17:34,796] INFO [LogLoader partition=__consumer_offsets-28, dir=/tmp/kafka-logs] Loading producer state till offset 0 with message format version 2 (kafka.log.UnifiedLog$)
[2023-01-09 21:17:34,797] INFO Completed load of Log(dir=/tmp/kafka-logs/__consumer_offsets-28, topicId=SfHl-B7YTr6suX6w4E4iyg, topic=__consumer_offsets, partition=28, highWatermark=0, lastStableOffset=0, logStartOffset=0, logEndOffset=0) with 1 segments in 2ms (52/53 completed in /tmp/kafka-logs) (kafka.log.LogManager)
[2023-01-09 21:17:34,798] INFO [LogLoader partition=__consumer_offsets-17, dir=/tmp/kafka-logs] Loading producer state till offset 0 with message format version 2 (kafka.log.UnifiedLog$)
[2023-01-09 21:17:34,799] INFO Completed load of Log(dir=/tmp/kafka-logs/__consumer_offsets-17, topicId=SfHl-B7YTr6suX6w4E4iyg, topic=__consumer_offsets, partition=17, highWatermark=0, lastStableOffset=0, logStartOffset=0, logEndOffset=0) with 1 segments in 3ms (53/53 completed in /tmp/kafka-logs) (kafka.log.LogManager)
[2023-01-09 21:17:34,802] INFO Loaded 53 logs in 332ms. (kafka.log.LogManager)
[2023-01-09 21:17:34,803] INFO Starting log cleanup with a period of 300000 ms. (kafka.log.LogManager)
[2023-01-09 21:17:34,803] INFO Starting log flusher with a default period of 9223372036854775807 ms. (kafka.log.LogManager)
[2023-01-09 21:17:34,832] INFO [feature-zk-node-event-process-thread]: Starting (kafka.server.FinalizedFeatureChangeListener$ChangeNotificationProcessorThread)
[2023-01-09 21:17:34,839] INFO [MetadataCache brokerId=0] Updated cache from existing <empty> to latest FinalizedFeaturesAndEpoch(features=Map(), epoch=0). (kafka.server.metadata.ZkMetadataCache)
[2023-01-09 21:17:34,851] INFO [BrokerToControllerChannelManager broker=0 name=forwarding]: Starting (kafka.server.BrokerToControllerRequestThread)
[2023-01-09 21:17:34,972] INFO Updated connection-accept-rate max connection creation rate to 2147483647 (kafka.network.ConnectionQuotas)
[2023-01-09 21:17:34,974] INFO Awaiting socket connections on 0.0.0.0:9092. (kafka.network.DataPlaneAcceptor)
[2023-01-09 21:17:34,984] INFO [SocketServer listenerType=ZK_BROKER, nodeId=0] Created data-plane acceptor and processors for endpoint : ListenerName(PLAINTEXT) (kafka.network.SocketServer)
[2023-01-09 21:17:34,987] INFO [BrokerToControllerChannelManager broker=0 name=alterPartition]: Starting (kafka.server.BrokerToControllerRequestThread)
[2023-01-09 21:17:34,996] INFO [ExpirationReaper-0-Produce]: Starting (kafka.server.DelayedOperationPurgatory$ExpiredOperationReaper)
[2023-01-09 21:17:34,997] INFO [ExpirationReaper-0-Fetch]: Starting (kafka.server.DelayedOperationPurgatory$ExpiredOperationReaper)
[2023-01-09 21:17:34,997] INFO [ExpirationReaper-0-DeleteRecords]: Starting (kafka.server.DelayedOperationPurgatory$ExpiredOperationReaper)
[2023-01-09 21:17:34,998] INFO [ExpirationReaper-0-ElectLeader]: Starting (kafka.server.DelayedOperationPurgatory$ExpiredOperationReaper)
[2023-01-09 21:17:35,004] INFO [LogDirFailureHandler]: Starting (kafka.server.ReplicaManager$LogDirFailureHandler)
[2023-01-09 21:17:35,029] INFO Creating /brokers/ids/0 (is it secure? false) (kafka.zk.KafkaZkClient)
[2023-01-09 21:17:35,060] ERROR Error while creating ephemeral at /brokers/ids/0, node already exists and owner '72083629242580993' does not match current session '72084546365423617' (kafka.zk.KafkaZkClient$CheckedEphemeral)
[2023-01-09 21:17:35,062] ERROR [KafkaServer id=0] Fatal error during KafkaServer startup. Prepare to shutdown (kafka.server.KafkaServer)
org.apache.zookeeper.KeeperException$NodeExistsException: KeeperErrorCode = NodeExists
	at org.apache.zookeeper.KeeperException.create(KeeperException.java:126)
	at kafka.zk.KafkaZkClient$CheckedEphemeral.getAfterNodeExists(KafkaZkClient.scala:1903)
	at kafka.zk.KafkaZkClient$CheckedEphemeral.create(KafkaZkClient.scala:1841)
	at kafka.zk.KafkaZkClient.checkedEphemeralCreate(KafkaZkClient.scala:1808)
	at kafka.zk.KafkaZkClient.registerBroker(KafkaZkClient.scala:96)
	at kafka.server.KafkaServer.startup(KafkaServer.scala:335)
	at kafka.Kafka$.main(Kafka.scala:109)
	at kafka.Kafka.main(Kafka.scala)
[2023-01-09 21:17:35,063] INFO [KafkaServer id=0] shutting down (kafka.server.KafkaServer)
[2023-01-09 21:17:35,064] INFO [SocketServer listenerType=ZK_BROKER, nodeId=0] Stopping socket server request processors (kafka.network.SocketServer)
[2023-01-09 21:17:35,066] INFO [SocketServer listenerType=ZK_BROKER, nodeId=0] Stopped socket server request processors (kafka.network.SocketServer)
[2023-01-09 21:17:35,068] INFO [ReplicaManager broker=0] Shutting down (kafka.server.ReplicaManager)
[2023-01-09 21:17:35,069] INFO [LogDirFailureHandler]: Shutting down (kafka.server.ReplicaManager$LogDirFailureHandler)
[2023-01-09 21:17:35,069] INFO [LogDirFailureHandler]: Stopped (kafka.server.ReplicaManager$LogDirFailureHandler)
[2023-01-09 21:17:35,070] INFO [LogDirFailureHandler]: Shutdown completed (kafka.server.ReplicaManager$LogDirFailureHandler)
[2023-01-09 21:17:35,070] INFO [ReplicaFetcherManager on broker 0] shutting down (kafka.server.ReplicaFetcherManager)
[2023-01-09 21:17:35,070] INFO [ReplicaFetcherManager on broker 0] shutdown completed (kafka.server.ReplicaFetcherManager)
[2023-01-09 21:17:35,070] INFO [ReplicaAlterLogDirsManager on broker 0] shutting down (kafka.server.ReplicaAlterLogDirsManager)
[2023-01-09 21:17:35,070] INFO [ReplicaAlterLogDirsManager on broker 0] shutdown completed (kafka.server.ReplicaAlterLogDirsManager)
[2023-01-09 21:17:35,070] INFO [ExpirationReaper-0-Fetch]: Shutting down (kafka.server.DelayedOperationPurgatory$ExpiredOperationReaper)
[2023-01-09 21:17:35,071] INFO [ExpirationReaper-0-Fetch]: Stopped (kafka.server.DelayedOperationPurgatory$ExpiredOperationReaper)
[2023-01-09 21:17:35,071] INFO [ExpirationReaper-0-Fetch]: Shutdown completed (kafka.server.DelayedOperationPurgatory$ExpiredOperationReaper)
[2023-01-09 21:17:35,071] INFO [ExpirationReaper-0-Produce]: Shutting down (kafka.server.DelayedOperationPurgatory$ExpiredOperationReaper)
[2023-01-09 21:17:35,072] INFO [ExpirationReaper-0-Produce]: Stopped (kafka.server.DelayedOperationPurgatory$ExpiredOperationReaper)
[2023-01-09 21:17:35,072] INFO [ExpirationReaper-0-Produce]: Shutdown completed (kafka.server.DelayedOperationPurgatory$ExpiredOperationReaper)
[2023-01-09 21:17:35,072] INFO [ExpirationReaper-0-DeleteRecords]: Shutting down (kafka.server.DelayedOperationPurgatory$ExpiredOperationReaper)
[2023-01-09 21:17:35,072] INFO [ExpirationReaper-0-DeleteRecords]: Stopped (kafka.server.DelayedOperationPurgatory$ExpiredOperationReaper)
[2023-01-09 21:17:35,072] INFO [ExpirationReaper-0-DeleteRecords]: Shutdown completed (kafka.server.DelayedOperationPurgatory$ExpiredOperationReaper)
[2023-01-09 21:17:35,072] INFO [ExpirationReaper-0-ElectLeader]: Shutting down (kafka.server.DelayedOperationPurgatory$ExpiredOperationReaper)
[2023-01-09 21:17:35,072] INFO [ExpirationReaper-0-ElectLeader]: Stopped (kafka.server.DelayedOperationPurgatory$ExpiredOperationReaper)
[2023-01-09 21:17:35,072] INFO [ExpirationReaper-0-ElectLeader]: Shutdown completed (kafka.server.DelayedOperationPurgatory$ExpiredOperationReaper)
[2023-01-09 21:17:35,075] INFO [ReplicaManager broker=0] Shut down completely (kafka.server.ReplicaManager)
[2023-01-09 21:17:35,076] INFO [BrokerToControllerChannelManager broker=0 name=alterPartition]: Shutting down (kafka.server.BrokerToControllerRequestThread)
[2023-01-09 21:17:35,076] INFO [BrokerToControllerChannelManager broker=0 name=alterPartition]: Stopped (kafka.server.BrokerToControllerRequestThread)
[2023-01-09 21:17:35,076] INFO [BrokerToControllerChannelManager broker=0 name=alterPartition]: Shutdown completed (kafka.server.BrokerToControllerRequestThread)
[2023-01-09 21:17:35,077] INFO Broker to controller channel manager for alterPartition shutdown (kafka.server.BrokerToControllerChannelManagerImpl)
[2023-01-09 21:17:35,077] INFO [BrokerToControllerChannelManager broker=0 name=forwarding]: Shutting down (kafka.server.BrokerToControllerRequestThread)
[2023-01-09 21:17:35,078] INFO [BrokerToControllerChannelManager broker=0 name=forwarding]: Stopped (kafka.server.BrokerToControllerRequestThread)
[2023-01-09 21:17:35,078] INFO [BrokerToControllerChannelManager broker=0 name=forwarding]: Shutdown completed (kafka.server.BrokerToControllerRequestThread)
[2023-01-09 21:17:35,078] INFO Broker to controller channel manager for forwarding shutdown (kafka.server.BrokerToControllerChannelManagerImpl)
[2023-01-09 21:17:35,078] INFO Shutting down. (kafka.log.LogManager)
[2023-01-09 21:17:37,340] INFO Terminating process due to signal SIGINT (org.apache.kafka.common.utils.LoggingSignalHandler)
[2023-01-09 21:17:37,340] INFO [KafkaServer id=0] shutting down (kafka.server.KafkaServer)
