[2023-01-09 09:06:19,090] INFO [Controller id=0 epoch=8] Sending UpdateMetadata request to brokers Set(0) for 0 partitions (state.change.logger)
[2023-01-09 09:06:19,106] INFO [Controller id=0 epoch=8] Sending LeaderAndIsr request to broker 0 with 51 become-leader and 0 become-follower partitions (state.change.logger)
[2023-01-09 09:06:19,107] INFO [Controller id=0 epoch=8] Sending UpdateMetadata request to brokers Set(0) for 51 partitions (state.change.logger)
[2023-01-09 09:06:19,125] INFO [Broker id=0] Handling LeaderAndIsr request correlationId 1 from controller 0 for 51 partitions (state.change.logger)
[2023-01-09 09:06:19,151] INFO [Broker id=0] Stopped fetchers as part of LeaderAndIsr request correlationId 1 from controller 0 epoch 8 as part of the become-leader transition for 51 partitions (state.change.logger)
[2023-01-09 09:06:19,175] INFO [Broker id=0] Leader __consumer_offsets-0 with topic id Some(SfHl-B7YTr6suX6w4E4iyg) starts at leader epoch 0 from offset 0 with partition epoch 0, high watermark 0, ISR [0], adding replicas [] and removing replicas []. Previous leader epoch was -1. (state.change.logger)
[2023-01-09 09:06:19,198] INFO [Broker id=0] Leader __consumer_offsets-29 with topic id Some(SfHl-B7YTr6suX6w4E4iyg) starts at leader epoch 0 from offset 0 with partition epoch 0, high watermark 0, ISR [0], adding replicas [] and removing replicas []. Previous leader epoch was -1. (state.change.logger)
[2023-01-09 09:06:19,218] INFO [Broker id=0] Leader __consumer_offsets-48 with topic id Some(SfHl-B7YTr6suX6w4E4iyg) starts at leader epoch 0 from offset 0 with partition epoch 0, high watermark 0, ISR [0], adding replicas [] and removing replicas []. Previous leader epoch was -1. (state.change.logger)
[2023-01-09 09:06:19,256] INFO [Broker id=0] Leader __consumer_offsets-10 with topic id Some(SfHl-B7YTr6suX6w4E4iyg) starts at leader epoch 0 from offset 0 with partition epoch 0, high watermark 0, ISR [0], adding replicas [] and removing replicas []. Previous leader epoch was -1. (state.change.logger)
[2023-01-09 09:06:19,298] INFO [Broker id=0] Leader __consumer_offsets-45 with topic id Some(SfHl-B7YTr6suX6w4E4iyg) starts at leader epoch 0 from offset 0 with partition epoch 0, high watermark 0, ISR [0], adding replicas [] and removing replicas []. Previous leader epoch was -1. (state.change.logger)
[2023-01-09 09:06:19,337] INFO [Broker id=0] Leader __consumer_offsets-26 with topic id Some(SfHl-B7YTr6suX6w4E4iyg) starts at leader epoch 0 from offset 0 with partition epoch 0, high watermark 0, ISR [0], adding replicas [] and removing replicas []. Previous leader epoch was -1. (state.change.logger)
[2023-01-09 09:06:19,380] INFO [Broker id=0] Leader __consumer_offsets-7 with topic id Some(SfHl-B7YTr6suX6w4E4iyg) starts at leader epoch 0 from offset 0 with partition epoch 0, high watermark 0, ISR [0], adding replicas [] and removing replicas []. Previous leader epoch was -1. (state.change.logger)
[2023-01-09 09:06:19,418] INFO [Broker id=0] Leader __consumer_offsets-42 with topic id Some(SfHl-B7YTr6suX6w4E4iyg) starts at leader epoch 0 from offset 0 with partition epoch 0, high watermark 0, ISR [0], adding replicas [] and removing replicas []. Previous leader epoch was -1. (state.change.logger)
[2023-01-09 09:06:19,461] INFO [Broker id=0] Leader __consumer_offsets-4 with topic id Some(SfHl-B7YTr6suX6w4E4iyg) starts at leader epoch 0 from offset 0 with partition epoch 0, high watermark 0, ISR [0], adding replicas [] and removing replicas []. Previous leader epoch was -1. (state.change.logger)
[2023-01-09 09:06:19,500] INFO [Broker id=0] Leader __consumer_offsets-23 with topic id Some(SfHl-B7YTr6suX6w4E4iyg) starts at leader epoch 0 from offset 0 with partition epoch 0, high watermark 0, ISR [0], adding replicas [] and removing replicas []. Previous leader epoch was -1. (state.change.logger)
[2023-01-09 09:06:19,542] INFO [Broker id=0] Leader __consumer_offsets-1 with topic id Some(SfHl-B7YTr6suX6w4E4iyg) starts at leader epoch 0 from offset 0 with partition epoch 0, high watermark 0, ISR [0], adding replicas [] and removing replicas []. Previous leader epoch was -1. (state.change.logger)
[2023-01-09 09:06:19,581] INFO [Broker id=0] Leader __consumer_offsets-20 with topic id Some(SfHl-B7YTr6suX6w4E4iyg) starts at leader epoch 0 from offset 0 with partition epoch 0, high watermark 0, ISR [0], adding replicas [] and removing replicas []. Previous leader epoch was -1. (state.change.logger)
[2023-01-09 09:06:19,622] INFO [Broker id=0] Leader __consumer_offsets-39 with topic id Some(SfHl-B7YTr6suX6w4E4iyg) starts at leader epoch 0 from offset 0 with partition epoch 0, high watermark 0, ISR [0], adding replicas [] and removing replicas []. Previous leader epoch was -1. (state.change.logger)
[2023-01-09 09:06:19,663] INFO [Broker id=0] Leader __consumer_offsets-17 with topic id Some(SfHl-B7YTr6suX6w4E4iyg) starts at leader epoch 0 from offset 0 with partition epoch 0, high watermark 0, ISR [0], adding replicas [] and removing replicas []. Previous leader epoch was -1. (state.change.logger)
[2023-01-09 09:06:19,705] INFO [Broker id=0] Leader __consumer_offsets-36 with topic id Some(SfHl-B7YTr6suX6w4E4iyg) starts at leader epoch 0 from offset 0 with partition epoch 0, high watermark 0, ISR [0], adding replicas [] and removing replicas []. Previous leader epoch was -1. (state.change.logger)
[2023-01-09 09:06:19,745] INFO [Broker id=0] Leader __consumer_offsets-14 with topic id Some(SfHl-B7YTr6suX6w4E4iyg) starts at leader epoch 0 from offset 0 with partition epoch 0, high watermark 0, ISR [0], adding replicas [] and removing replicas []. Previous leader epoch was -1. (state.change.logger)
[2023-01-09 09:06:19,786] INFO [Broker id=0] Leader __consumer_offsets-33 with topic id Some(SfHl-B7YTr6suX6w4E4iyg) starts at leader epoch 0 from offset 0 with partition epoch 0, high watermark 0, ISR [0], adding replicas [] and removing replicas []. Previous leader epoch was -1. (state.change.logger)
[2023-01-09 09:06:19,824] INFO [Broker id=0] Leader __consumer_offsets-49 with topic id Some(SfHl-B7YTr6suX6w4E4iyg) starts at leader epoch 0 from offset 0 with partition epoch 0, high watermark 0, ISR [0], adding replicas [] and removing replicas []. Previous leader epoch was -1. (state.change.logger)
[2023-01-09 09:06:19,866] INFO [Broker id=0] Leader __consumer_offsets-11 with topic id Some(SfHl-B7YTr6suX6w4E4iyg) starts at leader epoch 0 from offset 0 with partition epoch 0, high watermark 0, ISR [0], adding replicas [] and removing replicas []. Previous leader epoch was -1. (state.change.logger)
[2023-01-09 09:06:19,905] INFO [Broker id=0] Leader __consumer_offsets-30 with topic id Some(SfHl-B7YTr6suX6w4E4iyg) starts at leader epoch 0 from offset 0 with partition epoch 0, high watermark 0, ISR [0], adding replicas [] and removing replicas []. Previous leader epoch was -1. (state.change.logger)
[2023-01-09 09:06:19,947] INFO [Broker id=0] Leader __consumer_offsets-46 with topic id Some(SfHl-B7YTr6suX6w4E4iyg) starts at leader epoch 0 from offset 0 with partition epoch 0, high watermark 0, ISR [0], adding replicas [] and removing replicas []. Previous leader epoch was -1. (state.change.logger)
[2023-01-09 09:06:19,989] INFO [Broker id=0] Leader __consumer_offsets-27 with topic id Some(SfHl-B7YTr6suX6w4E4iyg) starts at leader epoch 0 from offset 0 with partition epoch 0, high watermark 0, ISR [0], adding replicas [] and removing replicas []. Previous leader epoch was -1. (state.change.logger)
[2023-01-09 09:06:20,030] INFO [Broker id=0] Leader __consumer_offsets-8 with topic id Some(SfHl-B7YTr6suX6w4E4iyg) starts at leader epoch 0 from offset 0 with partition epoch 0, high watermark 0, ISR [0], adding replicas [] and removing replicas []. Previous leader epoch was -1. (state.change.logger)
[2023-01-09 09:06:20,071] INFO [Broker id=0] Leader __consumer_offsets-24 with topic id Some(SfHl-B7YTr6suX6w4E4iyg) starts at leader epoch 0 from offset 0 with partition epoch 0, high watermark 0, ISR [0], adding replicas [] and removing replicas []. Previous leader epoch was -1. (state.change.logger)
[2023-01-09 09:06:20,113] INFO [Broker id=0] Leader __consumer_offsets-43 with topic id Some(SfHl-B7YTr6suX6w4E4iyg) starts at leader epoch 0 from offset 0 with partition epoch 0, high watermark 0, ISR [0], adding replicas [] and removing replicas []. Previous leader epoch was -1. (state.change.logger)
[2023-01-09 09:06:20,154] INFO [Broker id=0] Leader __consumer_offsets-5 with topic id Some(SfHl-B7YTr6suX6w4E4iyg) starts at leader epoch 0 from offset 0 with partition epoch 0, high watermark 0, ISR [0], adding replicas [] and removing replicas []. Previous leader epoch was -1. (state.change.logger)
[2023-01-09 09:06:20,194] INFO [Broker id=0] Leader __consumer_offsets-21 with topic id Some(SfHl-B7YTr6suX6w4E4iyg) starts at leader epoch 0 from offset 0 with partition epoch 0, high watermark 0, ISR [0], adding replicas [] and removing replicas []. Previous leader epoch was -1. (state.change.logger)
[2023-01-09 09:06:20,235] INFO [Broker id=0] Leader __consumer_offsets-40 with topic id Some(SfHl-B7YTr6suX6w4E4iyg) starts at leader epoch 0 from offset 0 with partition epoch 0, high watermark 0, ISR [0], adding replicas [] and removing replicas []. Previous leader epoch was -1. (state.change.logger)
[2023-01-09 09:06:20,256] INFO [Broker id=0] Leader __consumer_offsets-2 with topic id Some(SfHl-B7YTr6suX6w4E4iyg) starts at leader epoch 0 from offset 0 with partition epoch 0, high watermark 0, ISR [0], adding replicas [] and removing replicas []. Previous leader epoch was -1. (state.change.logger)
[2023-01-09 09:06:20,296] INFO [Broker id=0] Leader __consumer_offsets-37 with topic id Some(SfHl-B7YTr6suX6w4E4iyg) starts at leader epoch 0 from offset 0 with partition epoch 0, high watermark 0, ISR [0], adding replicas [] and removing replicas []. Previous leader epoch was -1. (state.change.logger)
[2023-01-09 09:06:20,336] INFO [Broker id=0] Leader __consumer_offsets-18 with topic id Some(SfHl-B7YTr6suX6w4E4iyg) starts at leader epoch 0 from offset 0 with partition epoch 0, high watermark 0, ISR [0], adding replicas [] and removing replicas []. Previous leader epoch was -1. (state.change.logger)
[2023-01-09 09:06:20,374] INFO [Broker id=0] Leader __consumer_offsets-34 with topic id Some(SfHl-B7YTr6suX6w4E4iyg) starts at leader epoch 0 from offset 0 with partition epoch 0, high watermark 0, ISR [0], adding replicas [] and removing replicas []. Previous leader epoch was -1. (state.change.logger)
[2023-01-09 09:06:20,416] INFO [Broker id=0] Leader __consumer_offsets-15 with topic id Some(SfHl-B7YTr6suX6w4E4iyg) starts at leader epoch 0 from offset 0 with partition epoch 0, high watermark 0, ISR [0], adding replicas [] and removing replicas []. Previous leader epoch was -1. (state.change.logger)
[2023-01-09 09:06:20,454] INFO [Broker id=0] Leader __consumer_offsets-12 with topic id Some(SfHl-B7YTr6suX6w4E4iyg) starts at leader epoch 0 from offset 0 with partition epoch 0, high watermark 0, ISR [0], adding replicas [] and removing replicas []. Previous leader epoch was -1. (state.change.logger)
[2023-01-09 09:06:20,496] INFO [Broker id=0] Leader __consumer_offsets-31 with topic id Some(SfHl-B7YTr6suX6w4E4iyg) starts at leader epoch 0 from offset 0 with partition epoch 0, high watermark 0, ISR [0], adding replicas [] and removing replicas []. Previous leader epoch was -1. (state.change.logger)
[2023-01-09 09:06:20,534] INFO [Broker id=0] Leader __consumer_offsets-9 with topic id Some(SfHl-B7YTr6suX6w4E4iyg) starts at leader epoch 0 from offset 0 with partition epoch 0, high watermark 0, ISR [0], adding replicas [] and removing replicas []. Previous leader epoch was -1. (state.change.logger)
[2023-01-09 09:06:20,576] INFO [Broker id=0] Leader __consumer_offsets-47 with topic id Some(SfHl-B7YTr6suX6w4E4iyg) starts at leader epoch 0 from offset 0 with partition epoch 0, high watermark 0, ISR [0], adding replicas [] and removing replicas []. Previous leader epoch was -1. (state.change.logger)
[2023-01-09 09:06:20,614] INFO [Broker id=0] Leader __consumer_offsets-19 with topic id Some(SfHl-B7YTr6suX6w4E4iyg) starts at leader epoch 0 from offset 0 with partition epoch 0, high watermark 0, ISR [0], adding replicas [] and removing replicas []. Previous leader epoch was -1. (state.change.logger)
[2023-01-09 09:06:20,655] INFO [Broker id=0] Leader events-0 with topic id Some(qMFqHpDfT7isUEr9rTgYTA) starts at leader epoch 0 from offset 39686 with partition epoch 0, high watermark 39686, ISR [0], adding replicas [] and removing replicas []. Previous leader epoch was -1. (state.change.logger)
[2023-01-09 09:06:20,655] INFO [Broker id=0] Leader __consumer_offsets-28 with topic id Some(SfHl-B7YTr6suX6w4E4iyg) starts at leader epoch 0 from offset 0 with partition epoch 0, high watermark 0, ISR [0], adding replicas [] and removing replicas []. Previous leader epoch was -1. (state.change.logger)
[2023-01-09 09:06:20,693] INFO [Broker id=0] Leader __consumer_offsets-38 with topic id Some(SfHl-B7YTr6suX6w4E4iyg) starts at leader epoch 0 from offset 0 with partition epoch 0, high watermark 0, ISR [0], adding replicas [] and removing replicas []. Previous leader epoch was -1. (state.change.logger)
[2023-01-09 09:06:20,765] INFO [Broker id=0] Leader __consumer_offsets-35 with topic id Some(SfHl-B7YTr6suX6w4E4iyg) starts at leader epoch 0 from offset 0 with partition epoch 0, high watermark 0, ISR [0], adding replicas [] and removing replicas []. Previous leader epoch was -1. (state.change.logger)
[2023-01-09 09:06:20,803] INFO [Broker id=0] Leader __consumer_offsets-6 with topic id Some(SfHl-B7YTr6suX6w4E4iyg) starts at leader epoch 0 from offset 0 with partition epoch 0, high watermark 0, ISR [0], adding replicas [] and removing replicas []. Previous leader epoch was -1. (state.change.logger)
[2023-01-09 09:06:20,845] INFO [Broker id=0] Leader __consumer_offsets-44 with topic id Some(SfHl-B7YTr6suX6w4E4iyg) starts at leader epoch 0 from offset 0 with partition epoch 0, high watermark 0, ISR [0], adding replicas [] and removing replicas []. Previous leader epoch was -1. (state.change.logger)
[2023-01-09 09:06:20,864] INFO [Broker id=0] Leader __consumer_offsets-25 with topic id Some(SfHl-B7YTr6suX6w4E4iyg) starts at leader epoch 0 from offset 0 with partition epoch 0, high watermark 0, ISR [0], adding replicas [] and removing replicas []. Previous leader epoch was -1. (state.change.logger)
[2023-01-09 09:06:20,902] INFO [Broker id=0] Leader __consumer_offsets-16 with topic id Some(SfHl-B7YTr6suX6w4E4iyg) starts at leader epoch 0 from offset 0 with partition epoch 0, high watermark 0, ISR [0], adding replicas [] and removing replicas []. Previous leader epoch was -1. (state.change.logger)
[2023-01-09 09:06:20,941] INFO [Broker id=0] Leader __consumer_offsets-22 with topic id Some(SfHl-B7YTr6suX6w4E4iyg) starts at leader epoch 0 from offset 0 with partition epoch 0, high watermark 0, ISR [0], adding replicas [] and removing replicas []. Previous leader epoch was -1. (state.change.logger)
[2023-01-09 09:06:20,961] INFO [Broker id=0] Leader __consumer_offsets-41 with topic id Some(SfHl-B7YTr6suX6w4E4iyg) starts at leader epoch 0 from offset 0 with partition epoch 0, high watermark 0, ISR [0], adding replicas [] and removing replicas []. Previous leader epoch was -1. (state.change.logger)
[2023-01-09 09:06:21,020] INFO [Broker id=0] Leader __consumer_offsets-32 with topic id Some(SfHl-B7YTr6suX6w4E4iyg) starts at leader epoch 0 from offset 0 with partition epoch 0, high watermark 0, ISR [0], adding replicas [] and removing replicas []. Previous leader epoch was -1. (state.change.logger)
[2023-01-09 09:06:21,060] INFO [Broker id=0] Leader __consumer_offsets-3 with topic id Some(SfHl-B7YTr6suX6w4E4iyg) starts at leader epoch 0 from offset 0 with partition epoch 0, high watermark 0, ISR [0], adding replicas [] and removing replicas []. Previous leader epoch was -1. (state.change.logger)
[2023-01-09 09:06:21,099] INFO [Broker id=0] Leader __consumer_offsets-13 with topic id Some(SfHl-B7YTr6suX6w4E4iyg) starts at leader epoch 0 from offset 0 with partition epoch 0, high watermark 0, ISR [0], adding replicas [] and removing replicas []. Previous leader epoch was -1. (state.change.logger)
[2023-01-09 09:06:21,188] INFO [Broker id=0] Finished LeaderAndIsr request in 2063ms correlationId 1 from controller 0 for 51 partitions (state.change.logger)
[2023-01-09 09:06:21,196] INFO [Broker id=0] Add 51 partitions and deleted 0 partitions from metadata cache in response to UpdateMetadata request sent by controller 0 epoch 8 with correlation id 2 (state.change.logger)
[2023-01-09 09:07:00,114] INFO [Controller id=0 epoch=8] Changed partition message-0 state from NonExistentPartition to NewPartition with assigned replicas 0 (state.change.logger)
[2023-01-09 09:07:00,114] INFO [Controller id=0 epoch=8] Sending UpdateMetadata request to brokers Set() for 0 partitions (state.change.logger)
[2023-01-09 09:07:00,115] INFO [Controller id=0 epoch=8] Sending UpdateMetadata request to brokers Set() for 0 partitions (state.change.logger)
[2023-01-09 09:07:00,178] INFO [Controller id=0 epoch=8] Changed partition message-0 from NewPartition to OnlinePartition with state LeaderAndIsr(leader=0, leaderEpoch=0, isr=List(0), leaderRecoveryState=RECOVERED, partitionEpoch=0) (state.change.logger)
[2023-01-09 09:07:00,178] INFO [Controller id=0 epoch=8] Sending LeaderAndIsr request to broker 0 with 1 become-leader and 0 become-follower partitions (state.change.logger)
[2023-01-09 09:07:00,179] INFO [Controller id=0 epoch=8] Sending UpdateMetadata request to brokers Set(0) for 1 partitions (state.change.logger)
[2023-01-09 09:07:00,179] INFO [Controller id=0 epoch=8] Sending UpdateMetadata request to brokers Set() for 0 partitions (state.change.logger)
[2023-01-09 09:07:00,179] INFO [Broker id=0] Handling LeaderAndIsr request correlationId 3 from controller 0 for 1 partitions (state.change.logger)
[2023-01-09 09:07:00,179] INFO [Broker id=0] Stopped fetchers as part of LeaderAndIsr request correlationId 3 from controller 0 epoch 8 as part of the become-leader transition for 1 partitions (state.change.logger)
[2023-01-09 09:07:00,205] INFO [Broker id=0] Leader message-0 with topic id Some(hEyJPBsVRkm1bceCK-9cZw) starts at leader epoch 0 from offset 0 with partition epoch 0, high watermark 0, ISR [0], adding replicas [] and removing replicas []. Previous leader epoch was -1. (state.change.logger)
[2023-01-09 09:07:00,226] INFO [Broker id=0] Finished LeaderAndIsr request in 47ms correlationId 3 from controller 0 for 1 partitions (state.change.logger)
[2023-01-09 09:07:00,227] INFO [Broker id=0] Add 1 partitions and deleted 0 partitions from metadata cache in response to UpdateMetadata request sent by controller 0 epoch 8 with correlation id 4 (state.change.logger)
